[ 2016-04-17T04:57:19+08:00 ] 121.42.0.67 /snail/
INFO: [ app_init ] --START--
INFO: Run Behavior\BuildLiteBehavior [ RunTime:0.000016s ]
INFO: [ app_init ] --END-- [ RunTime:0.000521s ]
INFO: [ app_begin ] --START--
INFO: Run Behavior\ReadHtmlCacheBehavior [ RunTime:0.000681s ]
INFO: [ app_begin ] --END-- [ RunTime:0.000732s ]
SQL: SHOW COLUMNS FROM `minsnail_postmeta` [ RunTime:0.0015s ]
SQL: SELECT `meta_value` FROM `minsnail_postmeta` WHERE ( meta_key='_wp_attached_file' ) ORDER BY meta_id DESC  [ RunTime:0.0008s ]
INFO: [ view_parse ] --START--
INFO: [ template_filter ] --START--
INFO: Run Behavior\ContentReplaceBehavior [ RunTime:0.000100s ]
INFO: [ template_filter ] --END-- [ RunTime:0.000167s ]
INFO: Run Behavior\ParseTemplateBehavior [ RunTime:0.027872s ]
INFO: [ view_parse ] --END-- [ RunTime:0.027933s ]
INFO: [ view_filter ] --START--
INFO: Run Behavior\WriteHtmlCacheBehavior [ RunTime:0.000313s ]
INFO: [ view_filter ] --END-- [ RunTime:0.000355s ]
INFO: [ app_end ] --START--
INFO: Run Behavior\ShowPageTraceBehavior [ RunTime:0.000641s ]
INFO: [ app_end ] --END-- [ RunTime:0.000691s ]

[ 2016-04-17T04:57:19+08:00 ] 121.42.0.71 /snail/
INFO: [ app_init ] --START--
INFO: Run Behavior\BuildLiteBehavior [ RunTime:0.000016s ]
INFO: [ app_init ] --END-- [ RunTime:0.000431s ]
INFO: [ app_begin ] --START--
INFO: Run Behavior\ReadHtmlCacheBehavior [ RunTime:0.000697s ]
INFO: [ app_begin ] --END-- [ RunTime:0.000745s ]
SQL: SHOW COLUMNS FROM `minsnail_postmeta` [ RunTime:0.0012s ]
SQL: SELECT `meta_value` FROM `minsnail_postmeta` WHERE ( meta_key='_wp_attached_file' ) ORDER BY meta_id DESC  [ RunTime:0.0004s ]
INFO: [ view_parse ] --START--
INFO: [ template_filter ] --START--
INFO: Run Behavior\ContentReplaceBehavior [ RunTime:0.000068s ]
INFO: [ template_filter ] --END-- [ RunTime:0.000120s ]
INFO: Run Behavior\ParseTemplateBehavior [ RunTime:0.012534s ]
INFO: [ view_parse ] --END-- [ RunTime:0.012598s ]
INFO: [ view_filter ] --START--
INFO: Run Behavior\WriteHtmlCacheBehavior [ RunTime:0.000284s ]
INFO: [ view_filter ] --END-- [ RunTime:0.000323s ]
INFO: [ app_end ] --START--
INFO: Run Behavior\ShowPageTraceBehavior [ RunTime:0.000597s ]
INFO: [ app_end ] --END-- [ RunTime:0.000657s ]

[ 2016-04-17T08:25:49+08:00 ] 42.156.139.33 /snail/index.php/Home/Index/weather
INFO: [ app_init ] --START--
INFO: Run Behavior\BuildLiteBehavior [ RunTime:0.000019s ]
INFO: [ app_init ] --END-- [ RunTime:0.000574s ]
INFO: [ app_begin ] --START--
INFO: Run Behavior\ReadHtmlCacheBehavior [ RunTime:0.000765s ]
INFO: [ app_begin ] --END-- [ RunTime:0.000813s ]
INFO: [ view_parse ] --START--
INFO: [ template_filter ] --START--
INFO: Run Behavior\ContentReplaceBehavior [ RunTime:0.000200s ]
INFO: [ template_filter ] --END-- [ RunTime:0.000271s ]
NOTIC: [8] Undefined index: alarms /data/home/qxu1146180057/htdocs/snail/Apps/Runtime/Cache/Home/b9e41d6d94a233efaa7ba1b2ba74162f.php 第 343 行.
INFO: Run Behavior\ParseTemplateBehavior [ RunTime:0.034346s ]
INFO: [ view_parse ] --END-- [ RunTime:0.034458s ]
INFO: [ view_filter ] --START--
INFO: Run Behavior\WriteHtmlCacheBehavior [ RunTime:0.000347s ]
INFO: [ view_filter ] --END-- [ RunTime:0.000387s ]
INFO: [ app_end ] --START--
INFO: Run Behavior\ShowPageTraceBehavior [ RunTime:0.000641s ]
INFO: [ app_end ] --END-- [ RunTime:0.000707s ]

[ 2016-04-17T12:03:40+08:00 ] 104.238.148.223 /snail/
INFO: [ app_init ] --START--
INFO: Run Behavior\BuildLiteBehavior [ RunTime:0.000016s ]
INFO: [ app_init ] --END-- [ RunTime:0.000408s ]
INFO: [ app_begin ] --START--
INFO: Run Behavior\ReadHtmlCacheBehavior [ RunTime:0.000650s ]
INFO: [ app_begin ] --END-- [ RunTime:0.000698s ]
SQL: SHOW COLUMNS FROM `minsnail_postmeta` [ RunTime:0.0014s ]
SQL: SELECT `meta_value` FROM `minsnail_postmeta` WHERE ( meta_key='_wp_attached_file' ) ORDER BY meta_id DESC  [ RunTime:0.0008s ]
INFO: [ view_parse ] --START--
INFO: [ template_filter ] --START--
INFO: Run Behavior\ContentReplaceBehavior [ RunTime:0.000082s ]
INFO: [ template_filter ] --END-- [ RunTime:0.000143s ]
INFO: Run Behavior\ParseTemplateBehavior [ RunTime:0.007445s ]
INFO: [ view_parse ] --END-- [ RunTime:0.007502s ]
INFO: [ view_filter ] --START--
INFO: Run Behavior\WriteHtmlCacheBehavior [ RunTime:0.000353s ]
INFO: [ view_filter ] --END-- [ RunTime:0.000414s ]
INFO: [ app_end ] --START--
INFO: Run Behavior\ShowPageTraceBehavior [ RunTime:0.000644s ]
INFO: [ app_end ] --END-- [ RunTime:0.000689s ]

[ 2016-04-17T14:50:31+08:00 ] 203.208.60.132 /snail/Home/index/news
INFO: [ app_init ] --START--
INFO: Run Behavior\BuildLiteBehavior [ RunTime:0.000027s ]
INFO: [ app_init ] --END-- [ RunTime:0.000411s ]
INFO: [ app_begin ] --START--
INFO: Run Behavior\ReadHtmlCacheBehavior [ RunTime:0.000622s ]
INFO: [ app_begin ] --END-- [ RunTime:0.000673s ]
NOTIC: [8] iconv(): Detected an illegal character in input string /data/home/qxu1146180057/htdocs/snail/ThinkPHP/Library/Vendor/htmlparser/simple_html_dom.php 第 806 行.
NOTIC: [8] iconv(): Detected an illegal character in input string /data/home/qxu1146180057/htdocs/snail/ThinkPHP/Library/Vendor/htmlparser/simple_html_dom.php 第 806 行.
NOTIC: [8] iconv(): Detected an illegal character in input string /data/home/qxu1146180057/htdocs/snail/ThinkPHP/Library/Vendor/htmlparser/simple_html_dom.php 第 806 行.
NOTIC: [8] iconv(): Detected an illegal character in input string /data/home/qxu1146180057/htdocs/snail/ThinkPHP/Library/Vendor/htmlparser/simple_html_dom.php 第 806 行.
NOTIC: [8] iconv(): Detected an illegal character in input string /data/home/qxu1146180057/htdocs/snail/ThinkPHP/Library/Vendor/htmlparser/simple_html_dom.php 第 806 行.
NOTIC: [8] iconv(): Detected an illegal character in input string /data/home/qxu1146180057/htdocs/snail/ThinkPHP/Library/Vendor/htmlparser/simple_html_dom.php 第 806 行.
NOTIC: [8] iconv(): Detected an illegal character in input string /data/home/qxu1146180057/htdocs/snail/ThinkPHP/Library/Vendor/htmlparser/simple_html_dom.php 第 806 行.
NOTIC: [8] iconv(): Detected an illegal character in input string /data/home/qxu1146180057/htdocs/snail/ThinkPHP/Library/Vendor/htmlparser/simple_html_dom.php 第 806 行.
NOTIC: [8] iconv(): Detected an illegal character in input string /data/home/qxu1146180057/htdocs/snail/ThinkPHP/Library/Vendor/htmlparser/simple_html_dom.php 第 806 行.
NOTIC: [8] iconv(): Detected an illegal character in input string /data/home/qxu1146180057/htdocs/snail/ThinkPHP/Library/Vendor/htmlparser/simple_html_dom.php 第 806 行.
NOTIC: [8] iconv(): Detected an illegal character in input string /data/home/qxu1146180057/htdocs/snail/ThinkPHP/Library/Vendor/htmlparser/simple_html_dom.php 第 806 行.
NOTIC: [8] iconv(): Detected an illegal character in input string /data/home/qxu1146180057/htdocs/snail/ThinkPHP/Library/Vendor/htmlparser/simple_html_dom.php 第 806 行.
INFO: [ view_parse ] --START--
INFO: [ template_filter ] --START--
INFO: Run Behavior\ContentReplaceBehavior [ RunTime:0.000082s ]
INFO: [ template_filter ] --END-- [ RunTime:0.000138s ]
INFO: Run Behavior\ParseTemplateBehavior [ RunTime:0.007773s ]
INFO: [ view_parse ] --END-- [ RunTime:0.007834s ]
INFO: [ view_filter ] --START--
INFO: Run Behavior\WriteHtmlCacheBehavior [ RunTime:0.000310s ]
INFO: [ view_filter ] --END-- [ RunTime:0.000348s ]
INFO: [ app_end ] --START--
INFO: Run Behavior\ShowPageTraceBehavior [ RunTime:0.000812s ]
INFO: [ app_end ] --END-- [ RunTime:0.000908s ]

[ 2016-04-17T16:23:52+08:00 ] 203.208.60.141 /snail/Home/index/news
INFO: [ app_init ] --START--
INFO: Run Behavior\BuildLiteBehavior [ RunTime:0.000016s ]
INFO: [ app_init ] --END-- [ RunTime:0.000411s ]
INFO: [ app_begin ] --START--
INFO: Run Behavior\ReadHtmlCacheBehavior [ RunTime:0.000619s ]
INFO: [ app_begin ] --END-- [ RunTime:0.000679s ]
NOTIC: [8] iconv(): Detected an illegal character in input string /data/home/qxu1146180057/htdocs/snail/ThinkPHP/Library/Vendor/htmlparser/simple_html_dom.php 第 806 行.
NOTIC: [8] iconv(): Detected an illegal character in input string /data/home/qxu1146180057/htdocs/snail/ThinkPHP/Library/Vendor/htmlparser/simple_html_dom.php 第 806 行.
NOTIC: [8] iconv(): Detected an illegal character in input string /data/home/qxu1146180057/htdocs/snail/ThinkPHP/Library/Vendor/htmlparser/simple_html_dom.php 第 806 行.
NOTIC: [8] iconv(): Detected an illegal character in input string /data/home/qxu1146180057/htdocs/snail/ThinkPHP/Library/Vendor/htmlparser/simple_html_dom.php 第 806 行.
NOTIC: [8] iconv(): Detected an illegal character in input string /data/home/qxu1146180057/htdocs/snail/ThinkPHP/Library/Vendor/htmlparser/simple_html_dom.php 第 806 行.
NOTIC: [8] iconv(): Detected an illegal character in input string /data/home/qxu1146180057/htdocs/snail/ThinkPHP/Library/Vendor/htmlparser/simple_html_dom.php 第 806 行.
NOTIC: [8] iconv(): Detected an illegal character in input string /data/home/qxu1146180057/htdocs/snail/ThinkPHP/Library/Vendor/htmlparser/simple_html_dom.php 第 806 行.
NOTIC: [8] iconv(): Detected an illegal character in input string /data/home/qxu1146180057/htdocs/snail/ThinkPHP/Library/Vendor/htmlparser/simple_html_dom.php 第 806 行.
NOTIC: [8] iconv(): Detected an illegal character in input string /data/home/qxu1146180057/htdocs/snail/ThinkPHP/Library/Vendor/htmlparser/simple_html_dom.php 第 806 行.
NOTIC: [8] iconv(): Detected an illegal character in input string /data/home/qxu1146180057/htdocs/snail/ThinkPHP/Library/Vendor/htmlparser/simple_html_dom.php 第 806 行.
NOTIC: [8] iconv(): Detected an illegal character in input string /data/home/qxu1146180057/htdocs/snail/ThinkPHP/Library/Vendor/htmlparser/simple_html_dom.php 第 806 行.
NOTIC: [8] iconv(): Detected an illegal character in input string /data/home/qxu1146180057/htdocs/snail/ThinkPHP/Library/Vendor/htmlparser/simple_html_dom.php 第 806 行.
INFO: [ view_parse ] --START--
INFO: [ template_filter ] --START--
INFO: Run Behavior\ContentReplaceBehavior [ RunTime:0.000072s ]
INFO: [ template_filter ] --END-- [ RunTime:0.000135s ]
INFO: Run Behavior\ParseTemplateBehavior [ RunTime:0.007076s ]
INFO: [ view_parse ] --END-- [ RunTime:0.007136s ]
INFO: [ view_filter ] --START--
INFO: Run Behavior\WriteHtmlCacheBehavior [ RunTime:0.000286s ]
INFO: [ view_filter ] --END-- [ RunTime:0.000324s ]
INFO: [ app_end ] --START--
INFO: Run Behavior\ShowPageTraceBehavior [ RunTime:0.000809s ]
INFO: [ app_end ] --END-- [ RunTime:0.000905s ]

[ 2016-04-17T23:11:15+08:00 ] 121.42.0.63 /snail/
INFO: [ app_init ] --START--
INFO: Run Behavior\BuildLiteBehavior [ RunTime:0.000020s ]
INFO: [ app_init ] --END-- [ RunTime:0.000433s ]
INFO: [ app_begin ] --START--
INFO: Run Behavior\ReadHtmlCacheBehavior [ RunTime:0.000789s ]
INFO: [ app_begin ] --END-- [ RunTime:0.000860s ]
SQL: SHOW COLUMNS FROM `minsnail_postmeta` [ RunTime:0.0016s ]
SQL: SELECT `meta_value` FROM `minsnail_postmeta` WHERE ( meta_key='_wp_attached_file' ) ORDER BY meta_id DESC  [ RunTime:0.0009s ]
INFO: [ view_parse ] --START--
INFO: [ template_filter ] --START--
INFO: Run Behavior\ContentReplaceBehavior [ RunTime:0.000076s ]
INFO: [ template_filter ] --END-- [ RunTime:0.000148s ]
INFO: Run Behavior\ParseTemplateBehavior [ RunTime:0.054006s ]
INFO: [ view_parse ] --END-- [ RunTime:0.054061s ]
INFO: [ view_filter ] --START--
INFO: Run Behavior\WriteHtmlCacheBehavior [ RunTime:0.000279s ]
INFO: [ view_filter ] --END-- [ RunTime:0.000319s ]
INFO: [ app_end ] --START--
INFO: Run Behavior\ShowPageTraceBehavior [ RunTime:0.000578s ]
INFO: [ app_end ] --END-- [ RunTime:0.000637s ]

[ 2016-04-17T23:11:15+08:00 ] 121.42.0.73 /snail/
INFO: [ app_init ] --START--
INFO: Run Behavior\BuildLiteBehavior [ RunTime:0.000017s ]
INFO: [ app_init ] --END-- [ RunTime:0.000421s ]
INFO: [ app_begin ] --START--
INFO: Run Behavior\ReadHtmlCacheBehavior [ RunTime:0.000689s ]
INFO: [ app_begin ] --END-- [ RunTime:0.000738s ]
SQL: SHOW COLUMNS FROM `minsnail_postmeta` [ RunTime:0.0011s ]
SQL: SELECT `meta_value` FROM `minsnail_postmeta` WHERE ( meta_key='_wp_attached_file' ) ORDER BY meta_id DESC  [ RunTime:0.0004s ]
INFO: [ view_parse ] --START--
INFO: [ template_filter ] --START--
INFO: Run Behavior\ContentReplaceBehavior [ RunTime:0.000072s ]
INFO: [ template_filter ] --END-- [ RunTime:0.000121s ]
INFO: Run Behavior\ParseTemplateBehavior [ RunTime:0.006971s ]
INFO: [ view_parse ] --END-- [ RunTime:0.007024s ]
INFO: [ view_filter ] --START--
INFO: Run Behavior\WriteHtmlCacheBehavior [ RunTime:0.000286s ]
INFO: [ view_filter ] --END-- [ RunTime:0.000326s ]
INFO: [ app_end ] --START--
INFO: Run Behavior\ShowPageTraceBehavior [ RunTime:0.000635s ]
INFO: [ app_end ] --END-- [ RunTime:0.000679s ]

[ 2016-04-17T23:43:09+08:00 ] 42.156.139.33 /snail/index.php/Home/Index/weather
INFO: [ app_init ] --START--
INFO: Run Behavior\BuildLiteBehavior [ RunTime:0.000017s ]
INFO: [ app_init ] --END-- [ RunTime:0.000489s ]
INFO: [ app_begin ] --START--
INFO: Run Behavior\ReadHtmlCacheBehavior [ RunTime:0.000667s ]
INFO: [ app_begin ] --END-- [ RunTime:0.000716s ]
INFO: [ view_parse ] --START--
INFO: [ template_filter ] --START--
INFO: Run Behavior\ContentReplaceBehavior [ RunTime:0.000214s ]
INFO: [ template_filter ] --END-- [ RunTime:0.000273s ]
NOTIC: [8] Undefined index: alarms /data/home/qxu1146180057/htdocs/snail/Apps/Runtime/Cache/Home/b9e41d6d94a233efaa7ba1b2ba74162f.php 第 343 行.
INFO: Run Behavior\ParseTemplateBehavior [ RunTime:0.014736s ]
INFO: [ view_parse ] --END-- [ RunTime:0.014802s ]
INFO: [ view_filter ] --START--
INFO: Run Behavior\WriteHtmlCacheBehavior [ RunTime:0.000308s ]
INFO: [ view_filter ] --END-- [ RunTime:0.000346s ]
INFO: [ app_end ] --START--
INFO: Run Behavior\ShowPageTraceBehavior [ RunTime:0.000553s ]
INFO: [ app_end ] --END-- [ RunTime:0.000607s ]

