[ 2016-05-09T05:37:44+08:00 ] 121.42.0.56 /snail/
INFO: [ app_init ] --START--
INFO: Run Behavior\BuildLiteBehavior [ RunTime:0.000022s ]
INFO: [ app_init ] --END-- [ RunTime:0.000854s ]
INFO: [ app_begin ] --START--
INFO: Run Behavior\ReadHtmlCacheBehavior [ RunTime:0.000904s ]
INFO: [ app_begin ] --END-- [ RunTime:0.000965s ]
SQL: SHOW COLUMNS FROM `minsnail_postmeta` [ RunTime:0.0013s ]
SQL: SELECT `meta_value` FROM `minsnail_postmeta` WHERE ( meta_key='_wp_attached_file' ) ORDER BY meta_id DESC  [ RunTime:0.0007s ]
INFO: [ view_parse ] --START--
INFO: [ template_filter ] --START--
INFO: Run Behavior\ContentReplaceBehavior [ RunTime:0.000090s ]
INFO: [ template_filter ] --END-- [ RunTime:0.000166s ]
INFO: Run Behavior\ParseTemplateBehavior [ RunTime:0.010992s ]
INFO: [ view_parse ] --END-- [ RunTime:0.011049s ]
INFO: [ view_filter ] --START--
INFO: Run Behavior\WriteHtmlCacheBehavior [ RunTime:0.000375s ]
INFO: [ view_filter ] --END-- [ RunTime:0.000413s ]
INFO: [ app_end ] --START--
INFO: Run Behavior\ShowPageTraceBehavior [ RunTime:0.000793s ]
INFO: [ app_end ] --END-- [ RunTime:0.000863s ]

[ 2016-05-09T05:37:44+08:00 ] 121.42.0.59 /snail/
INFO: [ app_init ] --START--
INFO: Run Behavior\BuildLiteBehavior [ RunTime:0.000016s ]
INFO: [ app_init ] --END-- [ RunTime:0.000448s ]
INFO: [ app_begin ] --START--
INFO: Run Behavior\ReadHtmlCacheBehavior [ RunTime:0.000721s ]
INFO: [ app_begin ] --END-- [ RunTime:0.000770s ]
SQL: SHOW COLUMNS FROM `minsnail_postmeta` [ RunTime:0.0011s ]
SQL: SELECT `meta_value` FROM `minsnail_postmeta` WHERE ( meta_key='_wp_attached_file' ) ORDER BY meta_id DESC  [ RunTime:0.0004s ]
INFO: [ view_parse ] --START--
INFO: [ template_filter ] --START--
INFO: Run Behavior\ContentReplaceBehavior [ RunTime:0.000087s ]
INFO: [ template_filter ] --END-- [ RunTime:0.000148s ]
INFO: Run Behavior\ParseTemplateBehavior [ RunTime:0.020871s ]
INFO: [ view_parse ] --END-- [ RunTime:0.020957s ]
INFO: [ view_filter ] --START--
INFO: Run Behavior\WriteHtmlCacheBehavior [ RunTime:0.000518s ]
INFO: [ view_filter ] --END-- [ RunTime:0.000560s ]
INFO: [ app_end ] --START--
INFO: Run Behavior\ShowPageTraceBehavior [ RunTime:0.000709s ]
INFO: [ app_end ] --END-- [ RunTime:0.000769s ]

[ 2016-05-09T07:32:47+08:00 ] 42.156.138.56 /snail/
INFO: [ app_init ] --START--
INFO: Run Behavior\BuildLiteBehavior [ RunTime:0.000020s ]
INFO: [ app_init ] --END-- [ RunTime:0.000525s ]
INFO: [ app_begin ] --START--
INFO: Run Behavior\ReadHtmlCacheBehavior [ RunTime:0.000854s ]
INFO: [ app_begin ] --END-- [ RunTime:0.000908s ]
SQL: SHOW COLUMNS FROM `minsnail_postmeta` [ RunTime:0.0017s ]
SQL: SELECT `meta_value` FROM `minsnail_postmeta` WHERE ( meta_key='_wp_attached_file' ) ORDER BY meta_id DESC  [ RunTime:0.0011s ]
INFO: [ view_parse ] --START--
INFO: [ template_filter ] --START--
INFO: Run Behavior\ContentReplaceBehavior [ RunTime:0.000088s ]
INFO: [ template_filter ] --END-- [ RunTime:0.000151s ]
INFO: Run Behavior\ParseTemplateBehavior [ RunTime:0.008284s ]
INFO: [ view_parse ] --END-- [ RunTime:0.008341s ]
INFO: [ view_filter ] --START--
INFO: Run Behavior\WriteHtmlCacheBehavior [ RunTime:0.000421s ]
INFO: [ view_filter ] --END-- [ RunTime:0.000477s ]
INFO: [ app_end ] --START--
INFO: Run Behavior\ShowPageTraceBehavior [ RunTime:0.000904s ]
INFO: [ app_end ] --END-- [ RunTime:0.000962s ]

[ 2016-05-09T07:32:47+08:00 ] 42.156.139.56 /snail/
INFO: [ app_init ] --START--
INFO: Run Behavior\BuildLiteBehavior [ RunTime:0.000017s ]
INFO: [ app_init ] --END-- [ RunTime:0.000449s ]
INFO: [ app_begin ] --START--
INFO: Run Behavior\ReadHtmlCacheBehavior [ RunTime:0.000799s ]
INFO: [ app_begin ] --END-- [ RunTime:0.000858s ]
SQL: SHOW COLUMNS FROM `minsnail_postmeta` [ RunTime:0.0013s ]
SQL: SELECT `meta_value` FROM `minsnail_postmeta` WHERE ( meta_key='_wp_attached_file' ) ORDER BY meta_id DESC  [ RunTime:0.0005s ]
INFO: [ view_parse ] --START--
INFO: [ template_filter ] --START--
INFO: Run Behavior\ContentReplaceBehavior [ RunTime:0.000089s ]
INFO: [ template_filter ] --END-- [ RunTime:0.000153s ]
INFO: Run Behavior\ParseTemplateBehavior [ RunTime:0.007905s ]
INFO: [ view_parse ] --END-- [ RunTime:0.008077s ]
INFO: [ view_filter ] --START--
INFO: Run Behavior\WriteHtmlCacheBehavior [ RunTime:0.000493s ]
INFO: [ view_filter ] --END-- [ RunTime:0.000539s ]
INFO: [ app_end ] --START--
INFO: Run Behavior\ShowPageTraceBehavior [ RunTime:0.000708s ]
INFO: [ app_end ] --END-- [ RunTime:0.000756s ]

[ 2016-05-09T12:53:00+08:00 ] 220.181.108.108 /snail/index.php/Home/Index/news
INFO: [ app_init ] --START--
INFO: Run Behavior\BuildLiteBehavior [ RunTime:0.000016s ]
INFO: [ app_init ] --END-- [ RunTime:0.000450s ]
INFO: [ app_begin ] --START--
INFO: Run Behavior\ReadHtmlCacheBehavior [ RunTime:0.000824s ]
INFO: [ app_begin ] --END-- [ RunTime:0.000872s ]
NOTIC: [8] iconv(): Detected an illegal character in input string /data/home/qxu1146180057/htdocs/snail/ThinkPHP/Library/Vendor/htmlparser/simple_html_dom.php 第 806 行.
NOTIC: [8] iconv(): Detected an illegal character in input string /data/home/qxu1146180057/htdocs/snail/ThinkPHP/Library/Vendor/htmlparser/simple_html_dom.php 第 806 行.
NOTIC: [8] iconv(): Detected an illegal character in input string /data/home/qxu1146180057/htdocs/snail/ThinkPHP/Library/Vendor/htmlparser/simple_html_dom.php 第 806 行.
NOTIC: [8] iconv(): Detected an illegal character in input string /data/home/qxu1146180057/htdocs/snail/ThinkPHP/Library/Vendor/htmlparser/simple_html_dom.php 第 806 行.
NOTIC: [8] iconv(): Detected an illegal character in input string /data/home/qxu1146180057/htdocs/snail/ThinkPHP/Library/Vendor/htmlparser/simple_html_dom.php 第 806 行.
NOTIC: [8] iconv(): Detected an illegal character in input string /data/home/qxu1146180057/htdocs/snail/ThinkPHP/Library/Vendor/htmlparser/simple_html_dom.php 第 806 行.
NOTIC: [8] iconv(): Detected an illegal character in input string /data/home/qxu1146180057/htdocs/snail/ThinkPHP/Library/Vendor/htmlparser/simple_html_dom.php 第 806 行.
NOTIC: [8] iconv(): Detected an illegal character in input string /data/home/qxu1146180057/htdocs/snail/ThinkPHP/Library/Vendor/htmlparser/simple_html_dom.php 第 806 行.
NOTIC: [8] iconv(): Detected an illegal character in input string /data/home/qxu1146180057/htdocs/snail/ThinkPHP/Library/Vendor/htmlparser/simple_html_dom.php 第 806 行.
NOTIC: [8] iconv(): Detected an illegal character in input string /data/home/qxu1146180057/htdocs/snail/ThinkPHP/Library/Vendor/htmlparser/simple_html_dom.php 第 806 行.
NOTIC: [8] iconv(): Detected an illegal character in input string /data/home/qxu1146180057/htdocs/snail/ThinkPHP/Library/Vendor/htmlparser/simple_html_dom.php 第 806 行.
NOTIC: [8] iconv(): Detected an illegal character in input string /data/home/qxu1146180057/htdocs/snail/ThinkPHP/Library/Vendor/htmlparser/simple_html_dom.php 第 806 行.
INFO: [ view_parse ] --START--
INFO: [ template_filter ] --START--
INFO: Run Behavior\ContentReplaceBehavior [ RunTime:0.000073s ]
INFO: [ template_filter ] --END-- [ RunTime:0.000124s ]
INFO: Run Behavior\ParseTemplateBehavior [ RunTime:0.007977s ]
INFO: [ view_parse ] --END-- [ RunTime:0.008052s ]
INFO: [ view_filter ] --START--
INFO: Run Behavior\WriteHtmlCacheBehavior [ RunTime:0.000359s ]
INFO: [ view_filter ] --END-- [ RunTime:0.000397s ]
INFO: [ app_end ] --START--
INFO: Run Behavior\ShowPageTraceBehavior [ RunTime:0.000891s ]
INFO: [ app_end ] --END-- [ RunTime:0.001005s ]

[ 2016-05-09T14:40:16+08:00 ] 112.124.131.135 /snail/
INFO: [ app_init ] --START--
INFO: Run Behavior\BuildLiteBehavior [ RunTime:0.000028s ]
INFO: [ app_init ] --END-- [ RunTime:0.000482s ]
INFO: [ app_begin ] --START--
INFO: Run Behavior\ReadHtmlCacheBehavior [ RunTime:0.000903s ]
INFO: [ app_begin ] --END-- [ RunTime:0.000967s ]
SQL: SHOW COLUMNS FROM `minsnail_postmeta` [ RunTime:0.0016s ]
SQL: SELECT `meta_value` FROM `minsnail_postmeta` WHERE ( meta_key='_wp_attached_file' ) ORDER BY meta_id DESC  [ RunTime:0.0010s ]
INFO: [ view_parse ] --START--
INFO: [ template_filter ] --START--
INFO: Run Behavior\ContentReplaceBehavior [ RunTime:0.000089s ]
INFO: [ template_filter ] --END-- [ RunTime:0.000154s ]
INFO: Run Behavior\ParseTemplateBehavior [ RunTime:0.007873s ]
INFO: [ view_parse ] --END-- [ RunTime:0.007930s ]
INFO: [ view_filter ] --START--
INFO: Run Behavior\WriteHtmlCacheBehavior [ RunTime:0.000400s ]
INFO: [ view_filter ] --END-- [ RunTime:0.000441s ]
INFO: [ app_end ] --START--
INFO: Run Behavior\ShowPageTraceBehavior [ RunTime:0.000711s ]
INFO: [ app_end ] --END-- [ RunTime:0.000758s ]

[ 2016-05-09T18:55:08+08:00 ] 42.120.161.56 /snail/index.php/Home/Index/weather
INFO: [ app_init ] --START--
INFO: Run Behavior\BuildLiteBehavior [ RunTime:0.000031s ]
INFO: [ app_init ] --END-- [ RunTime:0.000530s ]
INFO: [ app_begin ] --START--
INFO: Run Behavior\ReadHtmlCacheBehavior [ RunTime:0.000911s ]
INFO: [ app_begin ] --END-- [ RunTime:0.000980s ]
INFO: [ view_parse ] --START--
INFO: [ template_filter ] --START--
INFO: Run Behavior\ContentReplaceBehavior [ RunTime:0.000233s ]
INFO: [ template_filter ] --END-- [ RunTime:0.000312s ]
NOTIC: [8] Undefined index: alarms /data/home/qxu1146180057/htdocs/snail/Apps/Runtime/Cache/Home/b9e41d6d94a233efaa7ba1b2ba74162f.php 第 344 行.
INFO: Run Behavior\ParseTemplateBehavior [ RunTime:0.041983s ]
INFO: [ view_parse ] --END-- [ RunTime:0.042065s ]
INFO: [ view_filter ] --START--
INFO: Run Behavior\WriteHtmlCacheBehavior [ RunTime:0.000419s ]
INFO: [ view_filter ] --END-- [ RunTime:0.000460s ]
INFO: [ app_end ] --START--
INFO: Run Behavior\ShowPageTraceBehavior [ RunTime:0.000755s ]
INFO: [ app_end ] --END-- [ RunTime:0.000819s ]

[ 2016-05-09T18:55:15+08:00 ] 42.156.136.56 /snail/Home/index/news
INFO: [ app_init ] --START--
INFO: Run Behavior\BuildLiteBehavior [ RunTime:0.000018s ]
INFO: [ app_init ] --END-- [ RunTime:0.000551s ]
INFO: [ app_begin ] --START--
INFO: Run Behavior\ReadHtmlCacheBehavior [ RunTime:0.000803s ]
INFO: [ app_begin ] --END-- [ RunTime:0.000860s ]
NOTIC: [8] iconv(): Detected an illegal character in input string /data/home/qxu1146180057/htdocs/snail/ThinkPHP/Library/Vendor/htmlparser/simple_html_dom.php 第 806 行.
NOTIC: [8] iconv(): Detected an illegal character in input string /data/home/qxu1146180057/htdocs/snail/ThinkPHP/Library/Vendor/htmlparser/simple_html_dom.php 第 806 行.
NOTIC: [8] iconv(): Detected an illegal character in input string /data/home/qxu1146180057/htdocs/snail/ThinkPHP/Library/Vendor/htmlparser/simple_html_dom.php 第 806 行.
NOTIC: [8] iconv(): Detected an illegal character in input string /data/home/qxu1146180057/htdocs/snail/ThinkPHP/Library/Vendor/htmlparser/simple_html_dom.php 第 806 行.
NOTIC: [8] iconv(): Detected an illegal character in input string /data/home/qxu1146180057/htdocs/snail/ThinkPHP/Library/Vendor/htmlparser/simple_html_dom.php 第 806 行.
NOTIC: [8] iconv(): Detected an illegal character in input string /data/home/qxu1146180057/htdocs/snail/ThinkPHP/Library/Vendor/htmlparser/simple_html_dom.php 第 806 行.
NOTIC: [8] iconv(): Detected an illegal character in input string /data/home/qxu1146180057/htdocs/snail/ThinkPHP/Library/Vendor/htmlparser/simple_html_dom.php 第 806 行.
NOTIC: [8] iconv(): Detected an illegal character in input string /data/home/qxu1146180057/htdocs/snail/ThinkPHP/Library/Vendor/htmlparser/simple_html_dom.php 第 806 行.
NOTIC: [8] iconv(): Detected an illegal character in input string /data/home/qxu1146180057/htdocs/snail/ThinkPHP/Library/Vendor/htmlparser/simple_html_dom.php 第 806 行.
NOTIC: [8] iconv(): Detected an illegal character in input string /data/home/qxu1146180057/htdocs/snail/ThinkPHP/Library/Vendor/htmlparser/simple_html_dom.php 第 806 行.
NOTIC: [8] iconv(): Detected an illegal character in input string /data/home/qxu1146180057/htdocs/snail/ThinkPHP/Library/Vendor/htmlparser/simple_html_dom.php 第 806 行.
NOTIC: [8] iconv(): Detected an illegal character in input string /data/home/qxu1146180057/htdocs/snail/ThinkPHP/Library/Vendor/htmlparser/simple_html_dom.php 第 806 行.
INFO: [ view_parse ] --START--
INFO: [ template_filter ] --START--
INFO: Run Behavior\ContentReplaceBehavior [ RunTime:0.000090s ]
INFO: [ template_filter ] --END-- [ RunTime:0.000152s ]
INFO: Run Behavior\ParseTemplateBehavior [ RunTime:0.008436s ]
INFO: [ view_parse ] --END-- [ RunTime:0.008495s ]
INFO: [ view_filter ] --START--
INFO: Run Behavior\WriteHtmlCacheBehavior [ RunTime:0.000465s ]
INFO: [ view_filter ] --END-- [ RunTime:0.000507s ]
INFO: [ app_end ] --START--
INFO: Run Behavior\ShowPageTraceBehavior [ RunTime:0.000915s ]
INFO: [ app_end ] --END-- [ RunTime:0.001014s ]

