[ 2016-08-24T08:29:05+08:00 ] 220.181.108.150 /snail/index.php/Home/Index/news
INFO: [ app_init ] --START--
INFO: Run Behavior\BuildLiteBehavior [ RunTime:0.000016s ]
INFO: [ app_init ] --END-- [ RunTime:0.000434s ]
INFO: [ app_begin ] --START--
INFO: Run Behavior\ReadHtmlCacheBehavior [ RunTime:0.000812s ]
INFO: [ app_begin ] --END-- [ RunTime:0.000876s ]
NOTIC: [8] Undefined offset: 0 /data/home/qxu1146180057/htdocs/snail/ThinkPHP/Library/Org/Api/News.class.php 第 25 行.
NOTIC: [8] Undefined offset: 1 /data/home/qxu1146180057/htdocs/snail/ThinkPHP/Library/Org/Api/News.class.php 第 25 行.
NOTIC: [8] Undefined offset: 3 /data/home/qxu1146180057/htdocs/snail/ThinkPHP/Library/Org/Api/News.class.php 第 25 行.
INFO: [ view_parse ] --START--
INFO: [ template_filter ] --START--
INFO: Run Behavior\ContentReplaceBehavior [ RunTime:0.000076s ]
INFO: [ template_filter ] --END-- [ RunTime:0.000137s ]
INFO: Run Behavior\ParseTemplateBehavior [ RunTime:0.018715s ]
INFO: [ view_parse ] --END-- [ RunTime:0.018786s ]
INFO: [ view_filter ] --START--
INFO: Run Behavior\WriteHtmlCacheBehavior [ RunTime:0.000339s ]
INFO: [ view_filter ] --END-- [ RunTime:0.000383s ]
INFO: [ app_end ] --START--
INFO: Run Behavior\ShowPageTraceBehavior [ RunTime:0.000821s ]
INFO: [ app_end ] --END-- [ RunTime:0.000952s ]

[ 2016-08-24T09:35:45+08:00 ] 123.125.71.38 /snail/index.php/Home/Index/news
INFO: [ app_init ] --START--
INFO: Run Behavior\BuildLiteBehavior [ RunTime:0.000017s ]
INFO: [ app_init ] --END-- [ RunTime:0.000451s ]
INFO: [ app_begin ] --START--
INFO: Run Behavior\ReadHtmlCacheBehavior [ RunTime:0.000699s ]
INFO: [ app_begin ] --END-- [ RunTime:0.000754s ]
NOTIC: [8] Undefined offset: 0 /data/home/qxu1146180057/htdocs/snail/ThinkPHP/Library/Org/Api/News.class.php 第 25 行.
NOTIC: [8] Undefined offset: 1 /data/home/qxu1146180057/htdocs/snail/ThinkPHP/Library/Org/Api/News.class.php 第 25 行.
NOTIC: [8] Undefined offset: 3 /data/home/qxu1146180057/htdocs/snail/ThinkPHP/Library/Org/Api/News.class.php 第 25 行.
INFO: [ view_parse ] --START--
INFO: [ template_filter ] --START--
INFO: Run Behavior\ContentReplaceBehavior [ RunTime:0.000075s ]
INFO: [ template_filter ] --END-- [ RunTime:0.000128s ]
INFO: Run Behavior\ParseTemplateBehavior [ RunTime:0.007543s ]
INFO: [ view_parse ] --END-- [ RunTime:0.007603s ]
INFO: [ view_filter ] --START--
INFO: Run Behavior\WriteHtmlCacheBehavior [ RunTime:0.000317s ]
INFO: [ view_filter ] --END-- [ RunTime:0.000357s ]
INFO: [ app_end ] --START--
INFO: Run Behavior\ShowPageTraceBehavior [ RunTime:0.001339s ]
INFO: [ app_end ] --END-- [ RunTime:0.001440s ]

[ 2016-08-24T10:09:06+08:00 ] 220.181.108.115 /snail/index.php/Home/Index/news
INFO: [ app_init ] --START--
INFO: Run Behavior\BuildLiteBehavior [ RunTime:0.000018s ]
INFO: [ app_init ] --END-- [ RunTime:0.000452s ]
INFO: [ app_begin ] --START--
INFO: Run Behavior\ReadHtmlCacheBehavior [ RunTime:0.000710s ]
INFO: [ app_begin ] --END-- [ RunTime:0.000759s ]
NOTIC: [8] Undefined offset: 0 /data/home/qxu1146180057/htdocs/snail/ThinkPHP/Library/Org/Api/News.class.php 第 25 行.
NOTIC: [8] Undefined offset: 1 /data/home/qxu1146180057/htdocs/snail/ThinkPHP/Library/Org/Api/News.class.php 第 25 行.
NOTIC: [8] Undefined offset: 3 /data/home/qxu1146180057/htdocs/snail/ThinkPHP/Library/Org/Api/News.class.php 第 25 行.
INFO: [ view_parse ] --START--
INFO: [ template_filter ] --START--
INFO: Run Behavior\ContentReplaceBehavior [ RunTime:0.000088s ]
INFO: [ template_filter ] --END-- [ RunTime:0.000139s ]
INFO: Run Behavior\ParseTemplateBehavior [ RunTime:0.007448s ]
INFO: [ view_parse ] --END-- [ RunTime:0.007509s ]
INFO: [ view_filter ] --START--
INFO: Run Behavior\WriteHtmlCacheBehavior [ RunTime:0.000335s ]
INFO: [ view_filter ] --END-- [ RunTime:0.000376s ]
INFO: [ app_end ] --START--
INFO: Run Behavior\ShowPageTraceBehavior [ RunTime:0.000828s ]
INFO: [ app_end ] --END-- [ RunTime:0.000920s ]

[ 2016-08-24T10:42:25+08:00 ] 220.181.108.101 /snail/index.php/Home/Index/news
INFO: [ app_init ] --START--
INFO: Run Behavior\BuildLiteBehavior [ RunTime:0.000028s ]
INFO: [ app_init ] --END-- [ RunTime:0.000478s ]
INFO: [ app_begin ] --START--
INFO: Run Behavior\ReadHtmlCacheBehavior [ RunTime:0.000699s ]
INFO: [ app_begin ] --END-- [ RunTime:0.000749s ]
NOTIC: [8] Undefined offset: 0 /data/home/qxu1146180057/htdocs/snail/ThinkPHP/Library/Org/Api/News.class.php 第 25 行.
NOTIC: [8] Undefined offset: 1 /data/home/qxu1146180057/htdocs/snail/ThinkPHP/Library/Org/Api/News.class.php 第 25 行.
NOTIC: [8] Undefined offset: 3 /data/home/qxu1146180057/htdocs/snail/ThinkPHP/Library/Org/Api/News.class.php 第 25 行.
INFO: [ view_parse ] --START--
INFO: [ template_filter ] --START--
INFO: Run Behavior\ContentReplaceBehavior [ RunTime:0.000077s ]
INFO: [ template_filter ] --END-- [ RunTime:0.000133s ]
INFO: Run Behavior\ParseTemplateBehavior [ RunTime:0.012192s ]
INFO: [ view_parse ] --END-- [ RunTime:0.012263s ]
INFO: [ view_filter ] --START--
INFO: Run Behavior\WriteHtmlCacheBehavior [ RunTime:0.000326s ]
INFO: [ view_filter ] --END-- [ RunTime:0.000367s ]
INFO: [ app_end ] --START--
INFO: Run Behavior\ShowPageTraceBehavior [ RunTime:0.000821s ]
INFO: [ app_end ] --END-- [ RunTime:0.000915s ]

[ 2016-08-24T11:15:45+08:00 ] 220.181.108.103 /snail/index.php/Home/Index/news
INFO: [ app_init ] --START--
INFO: Run Behavior\BuildLiteBehavior [ RunTime:0.000019s ]
INFO: [ app_init ] --END-- [ RunTime:0.000447s ]
INFO: [ app_begin ] --START--
INFO: Run Behavior\ReadHtmlCacheBehavior [ RunTime:0.000753s ]
INFO: [ app_begin ] --END-- [ RunTime:0.000805s ]
NOTIC: [8] Undefined offset: 0 /data/home/qxu1146180057/htdocs/snail/ThinkPHP/Library/Org/Api/News.class.php 第 25 行.
NOTIC: [8] Undefined offset: 1 /data/home/qxu1146180057/htdocs/snail/ThinkPHP/Library/Org/Api/News.class.php 第 25 行.
NOTIC: [8] Undefined offset: 3 /data/home/qxu1146180057/htdocs/snail/ThinkPHP/Library/Org/Api/News.class.php 第 25 行.
INFO: [ view_parse ] --START--
INFO: [ template_filter ] --START--
INFO: Run Behavior\ContentReplaceBehavior [ RunTime:0.000079s ]
INFO: [ template_filter ] --END-- [ RunTime:0.000132s ]
INFO: Run Behavior\ParseTemplateBehavior [ RunTime:0.007505s ]
INFO: [ view_parse ] --END-- [ RunTime:0.007563s ]
INFO: [ view_filter ] --START--
INFO: Run Behavior\WriteHtmlCacheBehavior [ RunTime:0.000342s ]
INFO: [ view_filter ] --END-- [ RunTime:0.000383s ]
INFO: [ app_end ] --START--
INFO: Run Behavior\ShowPageTraceBehavior [ RunTime:0.000945s ]
INFO: [ app_end ] --END-- [ RunTime:0.001053s ]

[ 2016-08-24T11:49:05+08:00 ] 123.125.71.87 /snail/index.php/Home/Index/news
INFO: [ app_init ] --START--
INFO: Run Behavior\BuildLiteBehavior [ RunTime:0.000017s ]
INFO: [ app_init ] --END-- [ RunTime:0.000449s ]
INFO: [ app_begin ] --START--
INFO: Run Behavior\ReadHtmlCacheBehavior [ RunTime:0.000693s ]
INFO: [ app_begin ] --END-- [ RunTime:0.000744s ]
NOTIC: [8] Undefined offset: 0 /data/home/qxu1146180057/htdocs/snail/ThinkPHP/Library/Org/Api/News.class.php 第 25 行.
NOTIC: [8] Undefined offset: 1 /data/home/qxu1146180057/htdocs/snail/ThinkPHP/Library/Org/Api/News.class.php 第 25 行.
NOTIC: [8] Undefined offset: 3 /data/home/qxu1146180057/htdocs/snail/ThinkPHP/Library/Org/Api/News.class.php 第 25 行.
INFO: [ view_parse ] --START--
INFO: [ template_filter ] --START--
INFO: Run Behavior\ContentReplaceBehavior [ RunTime:0.000078s ]
INFO: [ template_filter ] --END-- [ RunTime:0.000132s ]
INFO: Run Behavior\ParseTemplateBehavior [ RunTime:0.008203s ]
INFO: [ view_parse ] --END-- [ RunTime:0.008276s ]
INFO: [ view_filter ] --START--
INFO: Run Behavior\WriteHtmlCacheBehavior [ RunTime:0.000370s ]
INFO: [ view_filter ] --END-- [ RunTime:0.000414s ]
INFO: [ app_end ] --START--
INFO: Run Behavior\ShowPageTraceBehavior [ RunTime:0.000976s ]
INFO: [ app_end ] --END-- [ RunTime:0.001097s ]

[ 2016-08-24T12:22:25+08:00 ] 123.125.71.94 /snail/index.php/Home/Index/news
INFO: [ app_init ] --START--
INFO: Run Behavior\BuildLiteBehavior [ RunTime:0.000023s ]
INFO: [ app_init ] --END-- [ RunTime:0.000541s ]
INFO: [ app_begin ] --START--
INFO: Run Behavior\ReadHtmlCacheBehavior [ RunTime:0.000813s ]
INFO: [ app_begin ] --END-- [ RunTime:0.000864s ]
NOTIC: [8] Undefined offset: 0 /data/home/qxu1146180057/htdocs/snail/ThinkPHP/Library/Org/Api/News.class.php 第 25 行.
NOTIC: [8] Undefined offset: 1 /data/home/qxu1146180057/htdocs/snail/ThinkPHP/Library/Org/Api/News.class.php 第 25 行.
NOTIC: [8] Undefined offset: 3 /data/home/qxu1146180057/htdocs/snail/ThinkPHP/Library/Org/Api/News.class.php 第 25 行.
INFO: [ view_parse ] --START--
INFO: [ template_filter ] --START--
INFO: Run Behavior\ContentReplaceBehavior [ RunTime:0.000114s ]
INFO: [ template_filter ] --END-- [ RunTime:0.000193s ]
INFO: Run Behavior\ParseTemplateBehavior [ RunTime:0.009248s ]
INFO: [ view_parse ] --END-- [ RunTime:0.009323s ]
INFO: [ view_filter ] --START--
INFO: Run Behavior\WriteHtmlCacheBehavior [ RunTime:0.000598s ]
INFO: [ view_filter ] --END-- [ RunTime:0.000654s ]
INFO: [ app_end ] --START--
INFO: Run Behavior\ShowPageTraceBehavior [ RunTime:0.000851s ]
INFO: [ app_end ] --END-- [ RunTime:0.000944s ]

[ 2016-08-24T12:55:45+08:00 ] 220.181.108.95 /snail/index.php/Home/Index/news
INFO: [ app_init ] --START--
INFO: Run Behavior\BuildLiteBehavior [ RunTime:0.000017s ]
INFO: [ app_init ] --END-- [ RunTime:0.000443s ]
INFO: [ app_begin ] --START--
INFO: Run Behavior\ReadHtmlCacheBehavior [ RunTime:0.000773s ]
INFO: [ app_begin ] --END-- [ RunTime:0.000824s ]
NOTIC: [8] Undefined offset: 0 /data/home/qxu1146180057/htdocs/snail/ThinkPHP/Library/Org/Api/News.class.php 第 25 行.
NOTIC: [8] Undefined offset: 1 /data/home/qxu1146180057/htdocs/snail/ThinkPHP/Library/Org/Api/News.class.php 第 25 行.
NOTIC: [8] Undefined offset: 3 /data/home/qxu1146180057/htdocs/snail/ThinkPHP/Library/Org/Api/News.class.php 第 25 行.
INFO: [ view_parse ] --START--
INFO: [ template_filter ] --START--
INFO: Run Behavior\ContentReplaceBehavior [ RunTime:0.000077s ]
INFO: [ template_filter ] --END-- [ RunTime:0.000133s ]
INFO: Run Behavior\ParseTemplateBehavior [ RunTime:0.007746s ]
INFO: [ view_parse ] --END-- [ RunTime:0.007805s ]
INFO: [ view_filter ] --START--
INFO: Run Behavior\WriteHtmlCacheBehavior [ RunTime:0.000409s ]
INFO: [ view_filter ] --END-- [ RunTime:0.000452s ]
INFO: [ app_end ] --START--
INFO: Run Behavior\ShowPageTraceBehavior [ RunTime:0.000970s ]
INFO: [ app_end ] --END-- [ RunTime:0.001111s ]

[ 2016-08-24T13:29:05+08:00 ] 220.181.108.168 /snail/index.php/Home/Index/news
INFO: [ app_init ] --START--
INFO: Run Behavior\BuildLiteBehavior [ RunTime:0.000019s ]
INFO: [ app_init ] --END-- [ RunTime:0.000472s ]
INFO: [ app_begin ] --START--
INFO: Run Behavior\ReadHtmlCacheBehavior [ RunTime:0.000707s ]
INFO: [ app_begin ] --END-- [ RunTime:0.000758s ]
NOTIC: [8] Undefined offset: 0 /data/home/qxu1146180057/htdocs/snail/ThinkPHP/Library/Org/Api/News.class.php 第 25 行.
NOTIC: [8] Undefined offset: 1 /data/home/qxu1146180057/htdocs/snail/ThinkPHP/Library/Org/Api/News.class.php 第 25 行.
NOTIC: [8] Undefined offset: 3 /data/home/qxu1146180057/htdocs/snail/ThinkPHP/Library/Org/Api/News.class.php 第 25 行.
INFO: [ view_parse ] --START--
INFO: [ template_filter ] --START--
INFO: Run Behavior\ContentReplaceBehavior [ RunTime:0.000079s ]
INFO: [ template_filter ] --END-- [ RunTime:0.000134s ]
INFO: Run Behavior\ParseTemplateBehavior [ RunTime:0.007642s ]
INFO: [ view_parse ] --END-- [ RunTime:0.007703s ]
INFO: [ view_filter ] --START--
INFO: Run Behavior\WriteHtmlCacheBehavior [ RunTime:0.000318s ]
INFO: [ view_filter ] --END-- [ RunTime:0.000360s ]
INFO: [ app_end ] --START--
INFO: Run Behavior\ShowPageTraceBehavior [ RunTime:0.001174s ]
INFO: [ app_end ] --END-- [ RunTime:0.001308s ]

[ 2016-08-24T14:02:25+08:00 ] 220.181.108.144 /snail/index.php/Home/Index/news
INFO: [ app_init ] --START--
INFO: Run Behavior\BuildLiteBehavior [ RunTime:0.000017s ]
INFO: [ app_init ] --END-- [ RunTime:0.000418s ]
INFO: [ app_begin ] --START--
INFO: Run Behavior\ReadHtmlCacheBehavior [ RunTime:0.000667s ]
INFO: [ app_begin ] --END-- [ RunTime:0.000716s ]
NOTIC: [8] Undefined offset: 0 /data/home/qxu1146180057/htdocs/snail/ThinkPHP/Library/Org/Api/News.class.php 第 25 行.
NOTIC: [8] Undefined offset: 1 /data/home/qxu1146180057/htdocs/snail/ThinkPHP/Library/Org/Api/News.class.php 第 25 行.
NOTIC: [8] Undefined offset: 3 /data/home/qxu1146180057/htdocs/snail/ThinkPHP/Library/Org/Api/News.class.php 第 25 行.
INFO: [ view_parse ] --START--
INFO: [ template_filter ] --START--
INFO: Run Behavior\ContentReplaceBehavior [ RunTime:0.000077s ]
INFO: [ template_filter ] --END-- [ RunTime:0.000129s ]
INFO: Run Behavior\ParseTemplateBehavior [ RunTime:0.007178s ]
INFO: [ view_parse ] --END-- [ RunTime:0.007239s ]
INFO: [ view_filter ] --START--
INFO: Run Behavior\WriteHtmlCacheBehavior [ RunTime:0.000313s ]
INFO: [ view_filter ] --END-- [ RunTime:0.000355s ]
INFO: [ app_end ] --START--
INFO: Run Behavior\ShowPageTraceBehavior [ RunTime:0.000791s ]
INFO: [ app_end ] --END-- [ RunTime:0.000899s ]

[ 2016-08-24T14:35:45+08:00 ] 123.125.71.51 /snail/index.php/Home/Index/news
INFO: [ app_init ] --START--
INFO: Run Behavior\BuildLiteBehavior [ RunTime:0.000016s ]
INFO: [ app_init ] --END-- [ RunTime:0.000489s ]
INFO: [ app_begin ] --START--
INFO: Run Behavior\ReadHtmlCacheBehavior [ RunTime:0.000710s ]
INFO: [ app_begin ] --END-- [ RunTime:0.000761s ]
NOTIC: [8] Undefined offset: 0 /data/home/qxu1146180057/htdocs/snail/ThinkPHP/Library/Org/Api/News.class.php 第 25 行.
NOTIC: [8] Undefined offset: 1 /data/home/qxu1146180057/htdocs/snail/ThinkPHP/Library/Org/Api/News.class.php 第 25 行.
NOTIC: [8] Undefined offset: 3 /data/home/qxu1146180057/htdocs/snail/ThinkPHP/Library/Org/Api/News.class.php 第 25 行.
INFO: [ view_parse ] --START--
INFO: [ template_filter ] --START--
INFO: Run Behavior\ContentReplaceBehavior [ RunTime:0.000076s ]
INFO: [ template_filter ] --END-- [ RunTime:0.000139s ]
INFO: Run Behavior\ParseTemplateBehavior [ RunTime:0.007410s ]
INFO: [ view_parse ] --END-- [ RunTime:0.007469s ]
INFO: [ view_filter ] --START--
INFO: Run Behavior\WriteHtmlCacheBehavior [ RunTime:0.000384s ]
INFO: [ view_filter ] --END-- [ RunTime:0.000424s ]
INFO: [ app_end ] --START--
INFO: Run Behavior\ShowPageTraceBehavior [ RunTime:0.000846s ]
INFO: [ app_end ] --END-- [ RunTime:0.000950s ]

[ 2016-08-24T15:09:05+08:00 ] 220.181.108.174 /snail/index.php/Home/Index/news
INFO: [ app_init ] --START--
INFO: Run Behavior\BuildLiteBehavior [ RunTime:0.000030s ]
INFO: [ app_init ] --END-- [ RunTime:0.000648s ]
INFO: [ app_begin ] --START--
INFO: Run Behavior\ReadHtmlCacheBehavior [ RunTime:0.000742s ]
INFO: [ app_begin ] --END-- [ RunTime:0.000793s ]
NOTIC: [8] Undefined offset: 0 /data/home/qxu1146180057/htdocs/snail/ThinkPHP/Library/Org/Api/News.class.php 第 25 行.
NOTIC: [8] Undefined offset: 1 /data/home/qxu1146180057/htdocs/snail/ThinkPHP/Library/Org/Api/News.class.php 第 25 行.
NOTIC: [8] Undefined offset: 3 /data/home/qxu1146180057/htdocs/snail/ThinkPHP/Library/Org/Api/News.class.php 第 25 行.
INFO: [ view_parse ] --START--
INFO: [ template_filter ] --START--
INFO: Run Behavior\ContentReplaceBehavior [ RunTime:0.000078s ]
INFO: [ template_filter ] --END-- [ RunTime:0.000132s ]
INFO: Run Behavior\ParseTemplateBehavior [ RunTime:0.007683s ]
INFO: [ view_parse ] --END-- [ RunTime:0.007753s ]
INFO: [ view_filter ] --START--
INFO: Run Behavior\WriteHtmlCacheBehavior [ RunTime:0.000340s ]
INFO: [ view_filter ] --END-- [ RunTime:0.000382s ]
INFO: [ app_end ] --START--
INFO: Run Behavior\ShowPageTraceBehavior [ RunTime:0.000927s ]
INFO: [ app_end ] --END-- [ RunTime:0.001022s ]

[ 2016-08-24T15:42:25+08:00 ] 123.125.71.105 /snail/index.php/Home/Index/news
INFO: [ app_init ] --START--
INFO: Run Behavior\BuildLiteBehavior [ RunTime:0.000024s ]
INFO: [ app_init ] --END-- [ RunTime:0.000653s ]
INFO: [ app_begin ] --START--
INFO: Run Behavior\ReadHtmlCacheBehavior [ RunTime:0.001769s ]
INFO: [ app_begin ] --END-- [ RunTime:0.001883s ]
NOTIC: [8] Undefined offset: 0 /data/home/qxu1146180057/htdocs/snail/ThinkPHP/Library/Org/Api/News.class.php 第 25 行.
NOTIC: [8] Undefined offset: 1 /data/home/qxu1146180057/htdocs/snail/ThinkPHP/Library/Org/Api/News.class.php 第 25 行.
NOTIC: [8] Undefined offset: 3 /data/home/qxu1146180057/htdocs/snail/ThinkPHP/Library/Org/Api/News.class.php 第 25 行.
INFO: [ view_parse ] --START--
INFO: [ template_filter ] --START--
INFO: Run Behavior\ContentReplaceBehavior [ RunTime:0.000079s ]
INFO: [ template_filter ] --END-- [ RunTime:0.000156s ]
INFO: Run Behavior\ParseTemplateBehavior [ RunTime:0.008393s ]
INFO: [ view_parse ] --END-- [ RunTime:0.008452s ]
INFO: [ view_filter ] --START--
INFO: Run Behavior\WriteHtmlCacheBehavior [ RunTime:0.000333s ]
INFO: [ view_filter ] --END-- [ RunTime:0.000378s ]
INFO: [ app_end ] --START--
INFO: Run Behavior\ShowPageTraceBehavior [ RunTime:0.000842s ]
INFO: [ app_end ] --END-- [ RunTime:0.000943s ]

