[ 2016-05-04T18:08:47+08:00 ] 223.93.132.112 /snail/
INFO: [ app_init ] --START--
INFO: Run Behavior\BuildLiteBehavior [ RunTime:0.000019s ]
INFO: [ app_init ] --END-- [ RunTime:0.000469s ]
INFO: [ app_begin ] --START--
INFO: Run Behavior\ReadHtmlCacheBehavior [ RunTime:0.000917s ]
INFO: [ app_begin ] --END-- [ RunTime:0.000966s ]
SQL: SHOW COLUMNS FROM `minsnail_postmeta` [ RunTime:0.0014s ]
SQL: SELECT `meta_value` FROM `minsnail_postmeta` WHERE ( meta_key='_wp_attached_file' ) ORDER BY meta_id DESC  [ RunTime:0.0007s ]
INFO: [ view_parse ] --START--
INFO: [ template_filter ] --START--
INFO: Run Behavior\ContentReplaceBehavior [ RunTime:0.000142s ]
INFO: [ template_filter ] --END-- [ RunTime:0.000272s ]
INFO: Run Behavior\ParseTemplateBehavior [ RunTime:0.044097s ]
INFO: [ view_parse ] --END-- [ RunTime:0.044183s ]
INFO: [ view_filter ] --START--
INFO: Run Behavior\WriteHtmlCacheBehavior [ RunTime:0.000405s ]
INFO: [ view_filter ] --END-- [ RunTime:0.000452s ]
INFO: [ app_end ] --START--
INFO: Run Behavior\ShowPageTraceBehavior [ RunTime:0.000721s ]
INFO: [ app_end ] --END-- [ RunTime:0.000772s ]

[ 2016-05-04T18:16:36+08:00 ] 223.93.132.112 /snail/
INFO: [ app_init ] --START--
INFO: Run Behavior\BuildLiteBehavior [ RunTime:0.000018s ]
INFO: [ app_init ] --END-- [ RunTime:0.000482s ]
INFO: [ app_begin ] --START--
INFO: Run Behavior\ReadHtmlCacheBehavior [ RunTime:0.000763s ]
INFO: [ app_begin ] --END-- [ RunTime:0.000814s ]
SQL: SHOW COLUMNS FROM `minsnail_postmeta` [ RunTime:0.0027s ]
SQL: SELECT `meta_value` FROM `minsnail_postmeta` WHERE ( meta_key='_wp_attached_file' ) ORDER BY meta_id DESC  [ RunTime:0.0007s ]
INFO: [ view_parse ] --START--
INFO: [ template_filter ] --START--
INFO: Run Behavior\ContentReplaceBehavior [ RunTime:0.000089s ]
INFO: [ template_filter ] --END-- [ RunTime:0.000157s ]
INFO: Run Behavior\ParseTemplateBehavior [ RunTime:0.007732s ]
INFO: [ view_parse ] --END-- [ RunTime:0.007787s ]
INFO: [ view_filter ] --START--
INFO: Run Behavior\WriteHtmlCacheBehavior [ RunTime:0.000353s ]
INFO: [ view_filter ] --END-- [ RunTime:0.000394s ]
INFO: [ app_end ] --START--
INFO: Run Behavior\ShowPageTraceBehavior [ RunTime:0.000701s ]
INFO: [ app_end ] --END-- [ RunTime:0.000747s ]

[ 2016-05-04T18:16:38+08:00 ] 223.93.132.112 /snail/
INFO: [ app_init ] --START--
INFO: Run Behavior\BuildLiteBehavior [ RunTime:0.000018s ]
INFO: [ app_init ] --END-- [ RunTime:0.000465s ]
INFO: [ app_begin ] --START--
INFO: Run Behavior\ReadHtmlCacheBehavior [ RunTime:0.000753s ]
INFO: [ app_begin ] --END-- [ RunTime:0.000802s ]
SQL: SHOW COLUMNS FROM `minsnail_postmeta` [ RunTime:0.0010s ]
SQL: SELECT `meta_value` FROM `minsnail_postmeta` WHERE ( meta_key='_wp_attached_file' ) ORDER BY meta_id DESC  [ RunTime:0.0004s ]
INFO: [ view_parse ] --START--
INFO: [ template_filter ] --START--
INFO: Run Behavior\ContentReplaceBehavior [ RunTime:0.000089s ]
INFO: [ template_filter ] --END-- [ RunTime:0.000269s ]
INFO: Run Behavior\ParseTemplateBehavior [ RunTime:0.008365s ]
INFO: [ view_parse ] --END-- [ RunTime:0.008419s ]
INFO: [ view_filter ] --START--
INFO: Run Behavior\WriteHtmlCacheBehavior [ RunTime:0.000595s ]
INFO: [ view_filter ] --END-- [ RunTime:0.000637s ]
INFO: [ app_end ] --START--
INFO: Run Behavior\ShowPageTraceBehavior [ RunTime:0.000714s ]
INFO: [ app_end ] --END-- [ RunTime:0.000770s ]

[ 2016-05-04T18:17:12+08:00 ] 223.93.132.112 /snail/index.php/Home/Index/news
INFO: [ app_init ] --START--
INFO: Run Behavior\BuildLiteBehavior [ RunTime:0.000029s ]
INFO: [ app_init ] --END-- [ RunTime:0.000504s ]
INFO: [ app_begin ] --START--
INFO: Run Behavior\ReadHtmlCacheBehavior [ RunTime:0.000832s ]
INFO: [ app_begin ] --END-- [ RunTime:0.000881s ]
NOTIC: [8] iconv(): Detected an illegal character in input string /data/home/qxu1146180057/htdocs/snail/ThinkPHP/Library/Vendor/htmlparser/simple_html_dom.php 第 806 行.
NOTIC: [8] iconv(): Detected an illegal character in input string /data/home/qxu1146180057/htdocs/snail/ThinkPHP/Library/Vendor/htmlparser/simple_html_dom.php 第 806 行.
NOTIC: [8] iconv(): Detected an illegal character in input string /data/home/qxu1146180057/htdocs/snail/ThinkPHP/Library/Vendor/htmlparser/simple_html_dom.php 第 806 行.
NOTIC: [8] iconv(): Detected an illegal character in input string /data/home/qxu1146180057/htdocs/snail/ThinkPHP/Library/Vendor/htmlparser/simple_html_dom.php 第 806 行.
NOTIC: [8] iconv(): Detected an illegal character in input string /data/home/qxu1146180057/htdocs/snail/ThinkPHP/Library/Vendor/htmlparser/simple_html_dom.php 第 806 行.
NOTIC: [8] iconv(): Detected an illegal character in input string /data/home/qxu1146180057/htdocs/snail/ThinkPHP/Library/Vendor/htmlparser/simple_html_dom.php 第 806 行.
NOTIC: [8] iconv(): Detected an illegal character in input string /data/home/qxu1146180057/htdocs/snail/ThinkPHP/Library/Vendor/htmlparser/simple_html_dom.php 第 806 行.
NOTIC: [8] iconv(): Detected an illegal character in input string /data/home/qxu1146180057/htdocs/snail/ThinkPHP/Library/Vendor/htmlparser/simple_html_dom.php 第 806 行.
NOTIC: [8] iconv(): Detected an illegal character in input string /data/home/qxu1146180057/htdocs/snail/ThinkPHP/Library/Vendor/htmlparser/simple_html_dom.php 第 806 行.
NOTIC: [8] iconv(): Detected an illegal character in input string /data/home/qxu1146180057/htdocs/snail/ThinkPHP/Library/Vendor/htmlparser/simple_html_dom.php 第 806 行.
NOTIC: [8] iconv(): Detected an illegal character in input string /data/home/qxu1146180057/htdocs/snail/ThinkPHP/Library/Vendor/htmlparser/simple_html_dom.php 第 806 行.
NOTIC: [8] iconv(): Detected an illegal character in input string /data/home/qxu1146180057/htdocs/snail/ThinkPHP/Library/Vendor/htmlparser/simple_html_dom.php 第 806 行.
INFO: [ view_parse ] --START--
INFO: [ template_filter ] --START--
INFO: Run Behavior\ContentReplaceBehavior [ RunTime:0.000077s ]
INFO: [ template_filter ] --END-- [ RunTime:0.000142s ]
INFO: Run Behavior\ParseTemplateBehavior [ RunTime:0.008373s ]
INFO: [ view_parse ] --END-- [ RunTime:0.008432s ]
INFO: [ view_filter ] --START--
INFO: Run Behavior\WriteHtmlCacheBehavior [ RunTime:0.000366s ]
INFO: [ view_filter ] --END-- [ RunTime:0.000405s ]
INFO: [ app_end ] --START--
INFO: Run Behavior\ShowPageTraceBehavior [ RunTime:0.001092s ]
INFO: [ app_end ] --END-- [ RunTime:0.001185s ]

[ 2016-05-04T18:17:24+08:00 ] 223.93.132.112 /snail/index.php/Home/Index/moves
INFO: [ app_init ] --START--
INFO: Run Behavior\BuildLiteBehavior [ RunTime:0.000021s ]
INFO: [ app_init ] --END-- [ RunTime:0.000473s ]
INFO: [ app_begin ] --START--
INFO: Run Behavior\ReadHtmlCacheBehavior [ RunTime:0.000858s ]
INFO: [ app_begin ] --END-- [ RunTime:0.000913s ]
SQL: SHOW COLUMNS FROM `minsnail_moves` [ RunTime:0.0021s ]
NOTIC: [8] Undefined index: limit /data/home/qxu1146180057/htdocs/snail/ThinkPHP/Library/Think/Db/Driver.class.php 第 961 行.
SQL: SELECT `id`,`film_name_zh`,`film_pic`,`film_source` FROM `minsnail_moves` LIMIT 0,20   [ RunTime:0.0006s ]
INFO: [ view_parse ] --START--
INFO: [ template_filter ] --START--
INFO: Run Behavior\ContentReplaceBehavior [ RunTime:0.000301s ]
INFO: [ template_filter ] --END-- [ RunTime:0.000405s ]
INFO: Run Behavior\ParseTemplateBehavior [ RunTime:0.012615s ]
INFO: [ view_parse ] --END-- [ RunTime:0.012704s ]
INFO: [ view_filter ] --START--
INFO: Run Behavior\WriteHtmlCacheBehavior [ RunTime:0.000377s ]
INFO: [ view_filter ] --END-- [ RunTime:0.000416s ]
INFO: [ app_end ] --START--
INFO: Run Behavior\ShowPageTraceBehavior [ RunTime:0.000696s ]
INFO: [ app_end ] --END-- [ RunTime:0.000747s ]

[ 2016-05-04T18:17:45+08:00 ] 223.93.132.112 /snail/index.php/Home/Index/weather
INFO: [ app_init ] --START--
INFO: Run Behavior\BuildLiteBehavior [ RunTime:0.000018s ]
INFO: [ app_init ] --END-- [ RunTime:0.000458s ]
INFO: [ app_begin ] --START--
INFO: Run Behavior\ReadHtmlCacheBehavior [ RunTime:0.000761s ]
INFO: [ app_begin ] --END-- [ RunTime:0.000809s ]
INFO: [ view_parse ] --START--
INFO: [ template_filter ] --START--
INFO: Run Behavior\ContentReplaceBehavior [ RunTime:0.000197s ]
INFO: [ template_filter ] --END-- [ RunTime:0.000268s ]
NOTIC: [8] Undefined index: alarms /data/home/qxu1146180057/htdocs/snail/Apps/Runtime/Cache/Home/b9e41d6d94a233efaa7ba1b2ba74162f.php 第 344 行.
INFO: Run Behavior\ParseTemplateBehavior [ RunTime:0.040844s ]
INFO: [ view_parse ] --END-- [ RunTime:0.040916s ]
INFO: [ view_filter ] --START--
INFO: Run Behavior\WriteHtmlCacheBehavior [ RunTime:0.000373s ]
INFO: [ view_filter ] --END-- [ RunTime:0.000412s ]
INFO: [ app_end ] --START--
INFO: Run Behavior\ShowPageTraceBehavior [ RunTime:0.000685s ]
INFO: [ app_end ] --END-- [ RunTime:0.000736s ]

[ 2016-05-04T18:51:41+08:00 ] 42.156.139.46 /snail/index.php/Home/Index/news
INFO: [ app_init ] --START--
INFO: Run Behavior\BuildLiteBehavior [ RunTime:0.000017s ]
INFO: [ app_init ] --END-- [ RunTime:0.000462s ]
INFO: [ app_begin ] --START--
INFO: Run Behavior\ReadHtmlCacheBehavior [ RunTime:0.000744s ]
INFO: [ app_begin ] --END-- [ RunTime:0.000793s ]
NOTIC: [8] iconv(): Detected an illegal character in input string /data/home/qxu1146180057/htdocs/snail/ThinkPHP/Library/Vendor/htmlparser/simple_html_dom.php 第 806 行.
NOTIC: [8] iconv(): Detected an illegal character in input string /data/home/qxu1146180057/htdocs/snail/ThinkPHP/Library/Vendor/htmlparser/simple_html_dom.php 第 806 行.
NOTIC: [8] iconv(): Detected an illegal character in input string /data/home/qxu1146180057/htdocs/snail/ThinkPHP/Library/Vendor/htmlparser/simple_html_dom.php 第 806 行.
NOTIC: [8] iconv(): Detected an illegal character in input string /data/home/qxu1146180057/htdocs/snail/ThinkPHP/Library/Vendor/htmlparser/simple_html_dom.php 第 806 行.
NOTIC: [8] iconv(): Detected an illegal character in input string /data/home/qxu1146180057/htdocs/snail/ThinkPHP/Library/Vendor/htmlparser/simple_html_dom.php 第 806 行.
NOTIC: [8] iconv(): Detected an illegal character in input string /data/home/qxu1146180057/htdocs/snail/ThinkPHP/Library/Vendor/htmlparser/simple_html_dom.php 第 806 行.
NOTIC: [8] iconv(): Detected an illegal character in input string /data/home/qxu1146180057/htdocs/snail/ThinkPHP/Library/Vendor/htmlparser/simple_html_dom.php 第 806 行.
NOTIC: [8] iconv(): Detected an illegal character in input string /data/home/qxu1146180057/htdocs/snail/ThinkPHP/Library/Vendor/htmlparser/simple_html_dom.php 第 806 行.
NOTIC: [8] iconv(): Detected an illegal character in input string /data/home/qxu1146180057/htdocs/snail/ThinkPHP/Library/Vendor/htmlparser/simple_html_dom.php 第 806 行.
NOTIC: [8] iconv(): Detected an illegal character in input string /data/home/qxu1146180057/htdocs/snail/ThinkPHP/Library/Vendor/htmlparser/simple_html_dom.php 第 806 行.
NOTIC: [8] iconv(): Detected an illegal character in input string /data/home/qxu1146180057/htdocs/snail/ThinkPHP/Library/Vendor/htmlparser/simple_html_dom.php 第 806 行.
NOTIC: [8] iconv(): Detected an illegal character in input string /data/home/qxu1146180057/htdocs/snail/ThinkPHP/Library/Vendor/htmlparser/simple_html_dom.php 第 806 行.
INFO: [ view_parse ] --START--
INFO: [ template_filter ] --START--
INFO: Run Behavior\ContentReplaceBehavior [ RunTime:0.000078s ]
INFO: [ template_filter ] --END-- [ RunTime:0.000143s ]
INFO: Run Behavior\ParseTemplateBehavior [ RunTime:0.009074s ]
INFO: [ view_parse ] --END-- [ RunTime:0.009139s ]
INFO: [ view_filter ] --START--
INFO: Run Behavior\WriteHtmlCacheBehavior [ RunTime:0.000408s ]
INFO: [ view_filter ] --END-- [ RunTime:0.000447s ]
INFO: [ app_end ] --START--
INFO: Run Behavior\ShowPageTraceBehavior [ RunTime:0.000904s ]
INFO: [ app_end ] --END-- [ RunTime:0.001006s ]

[ 2016-05-04T19:30:22+08:00 ] 60.12.8.177 /snail/
INFO: [ app_init ] --START--
INFO: Run Behavior\BuildLiteBehavior [ RunTime:0.000103s ]
INFO: [ app_init ] --END-- [ RunTime:0.000831s ]
INFO: [ app_begin ] --START--
INFO: Run Behavior\ReadHtmlCacheBehavior [ RunTime:0.000839s ]
INFO: [ app_begin ] --END-- [ RunTime:0.000892s ]
SQL: SHOW COLUMNS FROM `minsnail_postmeta` [ RunTime:0.0014s ]
SQL: SELECT `meta_value` FROM `minsnail_postmeta` WHERE ( meta_key='_wp_attached_file' ) ORDER BY meta_id DESC  [ RunTime:0.0006s ]
INFO: [ view_parse ] --START--
INFO: [ template_filter ] --START--
INFO: Run Behavior\ContentReplaceBehavior [ RunTime:0.000088s ]
INFO: [ template_filter ] --END-- [ RunTime:0.000152s ]
INFO: Run Behavior\ParseTemplateBehavior [ RunTime:0.008430s ]
INFO: [ view_parse ] --END-- [ RunTime:0.008487s ]
INFO: [ view_filter ] --START--
INFO: Run Behavior\WriteHtmlCacheBehavior [ RunTime:0.000361s ]
INFO: [ view_filter ] --END-- [ RunTime:0.000402s ]
INFO: [ app_end ] --START--
INFO: Run Behavior\ShowPageTraceBehavior [ RunTime:0.000661s ]
INFO: [ app_end ] --END-- [ RunTime:0.000712s ]

