[ 2016-03-20T15:40:57+08:00 ] 39.191.124.236 /snail/Public/bootstrap-3.3.6-dist/css/less/normalize.less
INFO: [ app_init ] --START--
INFO: Run Behavior\BuildLiteBehavior [ RunTime:0.000018s ]
INFO: [ app_init ] --END-- [ RunTime:0.000455s ]
ERR: 无法加载模块:Public

[ 2016-03-20T15:40:57+08:00 ] 39.191.124.236 /snail/Public/bootstrap-3.3.6-dist/css/less/print.less
INFO: [ app_init ] --START--
INFO: Run Behavior\BuildLiteBehavior [ RunTime:0.000017s ]
INFO: [ app_init ] --END-- [ RunTime:0.000437s ]
ERR: 无法加载模块:Public

[ 2016-03-20T15:40:57+08:00 ] 39.191.124.236 /snail/Public/bootstrap-3.3.6-dist/css/less/glyphicons.less
INFO: [ app_init ] --START--
INFO: Run Behavior\BuildLiteBehavior [ RunTime:0.000022s ]
INFO: [ app_init ] --END-- [ RunTime:0.000529s ]
ERR: 无法加载模块:Public

[ 2016-03-20T15:40:57+08:00 ] 39.191.124.236 /snail/Public/bootstrap-3.3.6-dist/css/dist/css/bootstrap.css
INFO: [ app_init ] --START--
INFO: Run Behavior\BuildLiteBehavior [ RunTime:0.000028s ]
INFO: [ app_init ] --END-- [ RunTime:0.000670s ]
ERR: 无法加载模块:Public

[ 2016-03-20T15:40:57+08:00 ] 39.191.124.236 /snail/Public/bootstrap-3.3.6-dist/css/less/scaffolding.less
INFO: [ app_init ] --START--
INFO: Run Behavior\BuildLiteBehavior [ RunTime:0.000017s ]
INFO: [ app_init ] --END-- [ RunTime:0.000443s ]
ERR: 无法加载模块:Public

[ 2016-03-20T15:40:57+08:00 ] 39.191.124.236 /snail/Public/bootstrap-3.3.6-dist/css/less/mixins/vendor-prefixes.less
INFO: [ app_init ] --START--
INFO: Run Behavior\BuildLiteBehavior [ RunTime:0.000017s ]
INFO: [ app_init ] --END-- [ RunTime:0.000449s ]
ERR: 无法加载模块:Public

[ 2016-03-20T15:40:57+08:00 ] 39.191.124.236 /snail/Public/bootstrap-3.3.6-dist/css/less/type.less
INFO: [ app_init ] --START--
INFO: Run Behavior\BuildLiteBehavior [ RunTime:0.000019s ]
INFO: [ app_init ] --END-- [ RunTime:0.000497s ]
ERR: 无法加载模块:Public

[ 2016-03-20T15:40:57+08:00 ] 39.191.124.236 /snail/Public/bootstrap-3.3.6-dist/css/less/mixins/image.less
INFO: [ app_init ] --START--
INFO: Run Behavior\BuildLiteBehavior [ RunTime:0.000019s ]
INFO: [ app_init ] --END-- [ RunTime:0.000482s ]
ERR: 无法加载模块:Public

[ 2016-03-20T15:40:57+08:00 ] 39.191.124.236 /snail/Public/bootstrap-3.3.6-dist/css/less/mixins/tab-focus.less
INFO: [ app_init ] --START--
INFO: Run Behavior\BuildLiteBehavior [ RunTime:0.000017s ]
INFO: [ app_init ] --END-- [ RunTime:0.000451s ]
ERR: 无法加载模块:Public

[ 2016-03-20T15:40:57+08:00 ] 39.191.124.236 /snail/Public/bootstrap-3.3.6-dist/css/less/mixins/text-emphasis.less
INFO: [ app_init ] --START--
INFO: Run Behavior\BuildLiteBehavior [ RunTime:0.000026s ]
INFO: [ app_init ] --END-- [ RunTime:0.000524s ]
ERR: 无法加载模块:Public

[ 2016-03-20T15:40:57+08:00 ] 39.191.124.236 /snail/Public/bootstrap-3.3.6-dist/css/less/mixins/background-variant.less
INFO: [ app_init ] --START--
INFO: Run Behavior\BuildLiteBehavior [ RunTime:0.000018s ]
INFO: [ app_init ] --END-- [ RunTime:0.000503s ]
ERR: 无法加载模块:Public

[ 2016-03-20T15:40:57+08:00 ] 39.191.124.236 /snail/Public/bootstrap-3.3.6-dist/css/less/grid.less
INFO: [ app_init ] --START--
INFO: Run Behavior\BuildLiteBehavior [ RunTime:0.000021s ]
INFO: [ app_init ] --END-- [ RunTime:0.000437s ]
ERR: 无法加载模块:Public

[ 2016-03-20T15:40:57+08:00 ] 39.191.124.236 /snail/Public/bootstrap-3.3.6-dist/css/less/code.less
INFO: [ app_init ] --START--
INFO: Run Behavior\BuildLiteBehavior [ RunTime:0.000027s ]
INFO: [ app_init ] --END-- [ RunTime:0.000624s ]
ERR: 无法加载模块:Public

[ 2016-03-20T15:40:57+08:00 ] 39.191.124.236 /snail/Public/bootstrap-3.3.6-dist/css/less/mixins/grid-framework.less
INFO: [ app_init ] --START--
INFO: Run Behavior\BuildLiteBehavior [ RunTime:0.000020s ]
INFO: [ app_init ] --END-- [ RunTime:0.000528s ]
ERR: 无法加载模块:Public

[ 2016-03-20T15:40:57+08:00 ] 39.191.124.236 /snail/Public/bootstrap-3.3.6-dist/css/less/mixins/text-overflow.less
INFO: [ app_init ] --START--
INFO: Run Behavior\BuildLiteBehavior [ RunTime:0.000016s ]
INFO: [ app_init ] --END-- [ RunTime:0.000506s ]
ERR: 无法加载模块:Public

[ 2016-03-20T15:40:57+08:00 ] 39.191.124.236 /snail/Public/bootstrap-3.3.6-dist/css/less/tables.less
INFO: [ app_init ] --START--
INFO: Run Behavior\BuildLiteBehavior [ RunTime:0.000021s ]
INFO: [ app_init ] --END-- [ RunTime:0.000505s ]
ERR: 无法加载模块:Public

[ 2016-03-20T15:40:57+08:00 ] 39.191.124.236 /snail/Public/bootstrap-3.3.6-dist/css/less/mixins/grid.less
INFO: [ app_init ] --START--
INFO: Run Behavior\BuildLiteBehavior [ RunTime:0.000016s ]
INFO: [ app_init ] --END-- [ RunTime:0.000430s ]
ERR: 无法加载模块:Public

[ 2016-03-20T15:40:57+08:00 ] 39.191.124.236 /snail/Public/bootstrap-3.3.6-dist/css/less/mixins/table-row.less
INFO: [ app_init ] --START--
INFO: Run Behavior\BuildLiteBehavior [ RunTime:0.000020s ]
INFO: [ app_init ] --END-- [ RunTime:0.000430s ]
ERR: 无法加载模块:Public

[ 2016-03-20T15:40:57+08:00 ] 39.191.124.236 /snail/Public/bootstrap-3.3.6-dist/css/less/forms.less
INFO: [ app_init ] --START--
INFO: Run Behavior\BuildLiteBehavior [ RunTime:0.000018s ]
INFO: [ app_init ] --END-- [ RunTime:0.000414s ]
ERR: 无法加载模块:Public

[ 2016-03-20T15:40:57+08:00 ] 39.191.124.236 /snail/Public/bootstrap-3.3.6-dist/css/less/mixins/forms.less
INFO: [ app_init ] --START--
INFO: Run Behavior\BuildLiteBehavior [ RunTime:0.000019s ]
INFO: [ app_init ] --END-- [ RunTime:0.000412s ]
ERR: 无法加载模块:Public

[ 2016-03-20T15:40:57+08:00 ] 39.191.124.236 /snail/Public/bootstrap-3.3.6-dist/css/less/buttons.less
INFO: [ app_init ] --START--
INFO: Run Behavior\BuildLiteBehavior [ RunTime:0.000018s ]
INFO: [ app_init ] --END-- [ RunTime:0.000447s ]
ERR: 无法加载模块:Public

[ 2016-03-20T15:40:57+08:00 ] 39.191.124.236 /snail/Public/bootstrap-3.3.6-dist/css/less/mixins/buttons.less
INFO: [ app_init ] --START--
INFO: Run Behavior\BuildLiteBehavior [ RunTime:0.000029s ]
INFO: [ app_init ] --END-- [ RunTime:0.000669s ]
ERR: 无法加载模块:Public

[ 2016-03-20T15:40:57+08:00 ] 39.191.124.236 /snail/Public/bootstrap-3.3.6-dist/css/less/mixins/opacity.less
INFO: [ app_init ] --START--
INFO: Run Behavior\BuildLiteBehavior [ RunTime:0.000020s ]
INFO: [ app_init ] --END-- [ RunTime:0.000548s ]
ERR: 无法加载模块:Public

[ 2016-03-20T15:40:57+08:00 ] 39.191.124.236 /snail/Public/bootstrap-3.3.6-dist/css/less/component-animations.less
INFO: [ app_init ] --START--
INFO: Run Behavior\BuildLiteBehavior [ RunTime:0.000018s ]
INFO: [ app_init ] --END-- [ RunTime:0.000422s ]
ERR: 无法加载模块:Public

[ 2016-03-20T15:40:57+08:00 ] 39.191.124.236 /snail/Public/bootstrap-3.3.6-dist/css/less/dropdowns.less
INFO: [ app_init ] --START--
INFO: Run Behavior\BuildLiteBehavior [ RunTime:0.000021s ]
INFO: [ app_init ] --END-- [ RunTime:0.000443s ]
ERR: 无法加载模块:Public

[ 2016-03-20T15:40:57+08:00 ] 39.191.124.236 /snail/Public/bootstrap-3.3.6-dist/css/less/mixins/nav-divider.less
INFO: [ app_init ] --START--
INFO: Run Behavior\BuildLiteBehavior [ RunTime:0.000026s ]
INFO: [ app_init ] --END-- [ RunTime:0.000728s ]
ERR: 无法加载模块:Public

[ 2016-03-20T15:40:57+08:00 ] 39.191.124.236 /snail/Public/bootstrap-3.3.6-dist/css/less/mixins/reset-filter.less
INFO: [ app_init ] --START--
INFO: Run Behavior\BuildLiteBehavior [ RunTime:0.000017s ]
INFO: [ app_init ] --END-- [ RunTime:0.000426s ]
ERR: 无法加载模块:Public

[ 2016-03-20T15:40:57+08:00 ] 39.191.124.236 /snail/Public/bootstrap-3.3.6-dist/css/less/button-groups.less
INFO: [ app_init ] --START--
INFO: Run Behavior\BuildLiteBehavior [ RunTime:0.000020s ]
INFO: [ app_init ] --END-- [ RunTime:0.000466s ]
ERR: 无法加载模块:Public

[ 2016-03-20T15:40:57+08:00 ] 39.191.124.236 /snail/Public/bootstrap-3.3.6-dist/css/less/mixins/border-radius.less
INFO: [ app_init ] --START--
INFO: Run Behavior\BuildLiteBehavior [ RunTime:0.000017s ]
INFO: [ app_init ] --END-- [ RunTime:0.000450s ]
ERR: 无法加载模块:Public

[ 2016-03-20T15:40:57+08:00 ] 39.191.124.236 /snail/Public/bootstrap-3.3.6-dist/css/less/input-groups.less
INFO: [ app_init ] --START--
INFO: Run Behavior\BuildLiteBehavior [ RunTime:0.000019s ]
INFO: [ app_init ] --END-- [ RunTime:0.000424s ]
ERR: 无法加载模块:Public

[ 2016-03-20T15:40:57+08:00 ] 39.191.124.236 /snail/Public/bootstrap-3.3.6-dist/css/less/navs.less
INFO: [ app_init ] --START--
INFO: Run Behavior\BuildLiteBehavior [ RunTime:0.000028s ]
INFO: [ app_init ] --END-- [ RunTime:0.000523s ]
ERR: 无法加载模块:Public

[ 2016-03-20T15:40:57+08:00 ] 39.191.124.236 /snail/Public/bootstrap-3.3.6-dist/css/less/navbar.less
INFO: [ app_init ] --START--
INFO: Run Behavior\BuildLiteBehavior [ RunTime:0.000022s ]
INFO: [ app_init ] --END-- [ RunTime:0.000473s ]
ERR: 无法加载模块:Public

[ 2016-03-20T15:40:57+08:00 ] 39.191.124.236 /snail/Public/bootstrap-3.3.6-dist/css/less/mixins/nav-vertical-align.less
INFO: [ app_init ] --START--
INFO: Run Behavior\BuildLiteBehavior [ RunTime:0.000017s ]
INFO: [ app_init ] --END-- [ RunTime:0.000436s ]
ERR: 无法加载模块:Public

[ 2016-03-20T15:40:57+08:00 ] 39.191.124.236 /snail/Public/bootstrap-3.3.6-dist/css/less/utilities.less
INFO: [ app_init ] --START--
INFO: Run Behavior\BuildLiteBehavior [ RunTime:0.000021s ]
INFO: [ app_init ] --END-- [ RunTime:0.000493s ]
ERR: 无法加载模块:Public

[ 2016-03-20T15:40:57+08:00 ] 39.191.124.236 /snail/Public/bootstrap-3.3.6-dist/css/less/breadcrumbs.less
INFO: [ app_init ] --START--
INFO: Run Behavior\BuildLiteBehavior [ RunTime:0.000019s ]
INFO: [ app_init ] --END-- [ RunTime:0.000429s ]
ERR: 无法加载模块:Public

[ 2016-03-20T15:40:57+08:00 ] 39.191.124.236 /snail/Public/bootstrap-3.3.6-dist/css/less/pagination.less
INFO: [ app_init ] --START--
INFO: Run Behavior\BuildLiteBehavior [ RunTime:0.000019s ]
INFO: [ app_init ] --END-- [ RunTime:0.000485s ]
ERR: 无法加载模块:Public

[ 2016-03-20T15:40:57+08:00 ] 39.191.124.236 /snail/Public/bootstrap-3.3.6-dist/css/less/mixins/pagination.less
INFO: [ app_init ] --START--
INFO: Run Behavior\BuildLiteBehavior [ RunTime:0.000017s ]
INFO: [ app_init ] --END-- [ RunTime:0.000425s ]
ERR: 无法加载模块:Public

[ 2016-03-20T15:40:57+08:00 ] 39.191.124.236 /snail/Public/bootstrap-3.3.6-dist/css/less/pager.less
INFO: [ app_init ] --START--
INFO: Run Behavior\BuildLiteBehavior [ RunTime:0.000020s ]
INFO: [ app_init ] --END-- [ RunTime:0.000493s ]
ERR: 无法加载模块:Public

[ 2016-03-20T15:40:57+08:00 ] 39.191.124.236 /snail/Public/bootstrap-3.3.6-dist/css/less/labels.less
INFO: [ app_init ] --START--
INFO: Run Behavior\BuildLiteBehavior [ RunTime:0.000021s ]
INFO: [ app_init ] --END-- [ RunTime:0.000504s ]
ERR: 无法加载模块:Public

[ 2016-03-20T15:40:57+08:00 ] 39.191.124.236 /snail/Public/bootstrap-3.3.6-dist/css/less/badges.less
INFO: [ app_init ] --START--
INFO: Run Behavior\BuildLiteBehavior [ RunTime:0.000029s ]
INFO: [ app_init ] --END-- [ RunTime:0.000610s ]
ERR: 无法加载模块:Public

[ 2016-03-20T15:40:57+08:00 ] 39.191.124.236 /snail/Public/bootstrap-3.3.6-dist/css/less/mixins/labels.less
INFO: [ app_init ] --START--
INFO: Run Behavior\BuildLiteBehavior [ RunTime:0.000018s ]
INFO: [ app_init ] --END-- [ RunTime:0.000419s ]
ERR: 无法加载模块:Public

[ 2016-03-20T15:40:57+08:00 ] 39.191.124.236 /snail/Public/bootstrap-3.3.6-dist/css/less/jumbotron.less
INFO: [ app_init ] --START--
INFO: Run Behavior\BuildLiteBehavior [ RunTime:0.000018s ]
INFO: [ app_init ] --END-- [ RunTime:0.000484s ]
ERR: 无法加载模块:Public

[ 2016-03-20T15:40:57+08:00 ] 39.191.124.236 /snail/Public/bootstrap-3.3.6-dist/css/less/thumbnails.less
INFO: [ app_init ] --START--
INFO: Run Behavior\BuildLiteBehavior [ RunTime:0.000018s ]
INFO: [ app_init ] --END-- [ RunTime:0.000417s ]
ERR: 无法加载模块:Public

[ 2016-03-20T15:40:57+08:00 ] 39.191.124.236 /snail/Public/bootstrap-3.3.6-dist/css/less/mixins/alerts.less
INFO: [ app_init ] --START--
INFO: Run Behavior\BuildLiteBehavior [ RunTime:0.000019s ]
INFO: [ app_init ] --END-- [ RunTime:0.000463s ]
ERR: 无法加载模块:Public

[ 2016-03-20T15:40:57+08:00 ] 39.191.124.236 /snail/Public/bootstrap-3.3.6-dist/css/less/alerts.less
INFO: [ app_init ] --START--
INFO: Run Behavior\BuildLiteBehavior [ RunTime:0.000020s ]
INFO: [ app_init ] --END-- [ RunTime:0.000469s ]
ERR: 无法加载模块:Public

[ 2016-03-20T15:40:57+08:00 ] 39.191.124.236 /snail/Public/bootstrap-3.3.6-dist/css/less/mixins/gradients.less
INFO: [ app_init ] --START--
INFO: Run Behavior\BuildLiteBehavior [ RunTime:0.000029s ]
INFO: [ app_init ] --END-- [ RunTime:0.000626s ]
ERR: 无法加载模块:Public

[ 2016-03-20T15:40:57+08:00 ] 39.191.124.236 /snail/Public/bootstrap-3.3.6-dist/css/less/progress-bars.less
INFO: [ app_init ] --START--
INFO: Run Behavior\BuildLiteBehavior [ RunTime:0.000018s ]
INFO: [ app_init ] --END-- [ RunTime:0.000421s ]
ERR: 无法加载模块:Public

[ 2016-03-20T15:40:58+08:00 ] 39.191.124.236 /snail/Public/bootstrap-3.3.6-dist/css/less/media.less
INFO: [ app_init ] --START--
INFO: Run Behavior\BuildLiteBehavior [ RunTime:0.000020s ]
INFO: [ app_init ] --END-- [ RunTime:0.000428s ]
ERR: 无法加载模块:Public

[ 2016-03-20T15:40:58+08:00 ] 39.191.124.236 /snail/Public/bootstrap-3.3.6-dist/css/less/mixins/progress-bar.less
INFO: [ app_init ] --START--
INFO: Run Behavior\BuildLiteBehavior [ RunTime:0.000015s ]
INFO: [ app_init ] --END-- [ RunTime:0.000410s ]
ERR: 无法加载模块:Public

[ 2016-03-20T15:40:58+08:00 ] 39.191.124.236 /snail/Public/bootstrap-3.3.6-dist/css/less/list-group.less
INFO: [ app_init ] --START--
INFO: Run Behavior\BuildLiteBehavior [ RunTime:0.000020s ]
INFO: [ app_init ] --END-- [ RunTime:0.000512s ]
ERR: 无法加载模块:Public

[ 2016-03-20T15:40:58+08:00 ] 39.191.124.236 /snail/Public/bootstrap-3.3.6-dist/css/less/mixins/list-group.less
INFO: [ app_init ] --START--
INFO: Run Behavior\BuildLiteBehavior [ RunTime:0.000027s ]
INFO: [ app_init ] --END-- [ RunTime:0.000623s ]
ERR: 无法加载模块:Public

[ 2016-03-20T15:40:58+08:00 ] 39.191.124.236 /snail/Public/bootstrap-3.3.6-dist/css/less/mixins/panels.less
INFO: [ app_init ] --START--
INFO: Run Behavior\BuildLiteBehavior [ RunTime:0.000018s ]
INFO: [ app_init ] --END-- [ RunTime:0.000483s ]
ERR: 无法加载模块:Public

[ 2016-03-20T15:40:58+08:00 ] 39.191.124.236 /snail/Public/bootstrap-3.3.6-dist/css/less/panels.less
INFO: [ app_init ] --START--
INFO: Run Behavior\BuildLiteBehavior [ RunTime:0.000022s ]
INFO: [ app_init ] --END-- [ RunTime:0.000708s ]
ERR: 无法加载模块:Public

[ 2016-03-20T15:40:58+08:00 ] 39.191.124.236 /snail/Public/bootstrap-3.3.6-dist/css/less/responsive-embed.less
INFO: [ app_init ] --START--
INFO: Run Behavior\BuildLiteBehavior [ RunTime:0.000017s ]
INFO: [ app_init ] --END-- [ RunTime:0.000440s ]
ERR: 无法加载模块:Public

[ 2016-03-20T15:40:58+08:00 ] 39.191.124.236 /snail/Public/bootstrap-3.3.6-dist/css/less/wells.less
INFO: [ app_init ] --START--
INFO: Run Behavior\BuildLiteBehavior [ RunTime:0.000016s ]
INFO: [ app_init ] --END-- [ RunTime:0.000440s ]
ERR: 无法加载模块:Public

[ 2016-03-20T15:40:58+08:00 ] 39.191.124.236 /snail/Public/bootstrap-3.3.6-dist/css/less/close.less
INFO: [ app_init ] --START--
INFO: Run Behavior\BuildLiteBehavior [ RunTime:0.000019s ]
INFO: [ app_init ] --END-- [ RunTime:0.000466s ]
ERR: 无法加载模块:Public

[ 2016-03-20T15:40:58+08:00 ] 39.191.124.236 /snail/Public/bootstrap-3.3.6-dist/css/less/modals.less
INFO: [ app_init ] --START--
INFO: Run Behavior\BuildLiteBehavior [ RunTime:0.000019s ]
INFO: [ app_init ] --END-- [ RunTime:0.000465s ]
ERR: 无法加载模块:Public

[ 2016-03-20T15:40:58+08:00 ] 39.191.124.236 /snail/Public/bootstrap-3.3.6-dist/css/less/tooltip.less
INFO: [ app_init ] --START--
INFO: Run Behavior\BuildLiteBehavior [ RunTime:0.000030s ]
INFO: [ app_init ] --END-- [ RunTime:0.000523s ]
ERR: 无法加载模块:Public

[ 2016-03-20T15:40:58+08:00 ] 39.191.124.236 /snail/Public/bootstrap-3.3.6-dist/css/less/popovers.less
INFO: [ app_init ] --START--
INFO: Run Behavior\BuildLiteBehavior [ RunTime:0.000019s ]
INFO: [ app_init ] --END-- [ RunTime:0.001040s ]
ERR: 无法加载模块:Public

[ 2016-03-20T15:40:58+08:00 ] 39.191.124.236 /snail/Public/bootstrap-3.3.6-dist/css/less/mixins/reset-text.less
INFO: [ app_init ] --START--
INFO: Run Behavior\BuildLiteBehavior [ RunTime:0.000029s ]
INFO: [ app_init ] --END-- [ RunTime:0.000669s ]
ERR: 无法加载模块:Public

[ 2016-03-20T15:40:58+08:00 ] 39.191.124.236 /snail/Public/bootstrap-3.3.6-dist/css/less/carousel.less
INFO: [ app_init ] --START--
INFO: Run Behavior\BuildLiteBehavior [ RunTime:0.000019s ]
INFO: [ app_init ] --END-- [ RunTime:0.000456s ]
ERR: 无法加载模块:Public

[ 2016-03-20T15:40:58+08:00 ] 39.191.124.236 /snail/Public/bootstrap-3.3.6-dist/css/less/mixins/clearfix.less
INFO: [ app_init ] --START--
INFO: Run Behavior\BuildLiteBehavior [ RunTime:0.000021s ]
INFO: [ app_init ] --END-- [ RunTime:0.000441s ]
ERR: 无法加载模块:Public

[ 2016-03-20T15:40:58+08:00 ] 39.191.124.236 /snail/Public/bootstrap-3.3.6-dist/css/less/mixins/hide-text.less
INFO: [ app_init ] --START--
INFO: Run Behavior\BuildLiteBehavior [ RunTime:0.000018s ]
INFO: [ app_init ] --END-- [ RunTime:0.000468s ]
ERR: 无法加载模块:Public

[ 2016-03-20T15:40:58+08:00 ] 39.191.124.236 /snail/Public/bootstrap-3.3.6-dist/css/less/mixins/center-block.less
INFO: [ app_init ] --START--
INFO: Run Behavior\BuildLiteBehavior [ RunTime:0.000015s ]
INFO: [ app_init ] --END-- [ RunTime:0.000500s ]
ERR: 无法加载模块:Public

[ 2016-03-20T15:40:58+08:00 ] 39.191.124.236 /snail/Public/bootstrap-3.3.6-dist/css/less/mixins/responsive-visibility.less
INFO: [ app_init ] --START--
INFO: Run Behavior\BuildLiteBehavior [ RunTime:0.000018s ]
INFO: [ app_init ] --END-- [ RunTime:0.000438s ]
ERR: 无法加载模块:Public

[ 2016-03-20T15:40:58+08:00 ] 39.191.124.236 /snail/Public/bootstrap-3.3.6-dist/css/less/responsive-utilities.less
INFO: [ app_init ] --START--
INFO: Run Behavior\BuildLiteBehavior [ RunTime:0.000015s ]
INFO: [ app_init ] --END-- [ RunTime:0.000402s ]
ERR: 无法加载模块:Public

[ 2016-03-20T17:16:40+08:00 ] 140.205.144.37 /snail/root.txt
INFO: [ app_init ] --START--
INFO: Run Behavior\BuildLiteBehavior [ RunTime:0.000030s ]
INFO: [ app_init ] --END-- [ RunTime:0.000675s ]
ERR: 无法加载模块:Root

[ 2016-03-20T17:17:49+08:00 ] 140.205.144.95 /snail/root.txt
INFO: [ app_init ] --START--
INFO: Run Behavior\BuildLiteBehavior [ RunTime:0.000020s ]
INFO: [ app_init ] --END-- [ RunTime:0.000481s ]
ERR: 无法加载模块:Root

[ 2016-03-20T17:18:27+08:00 ] 140.205.144.146 /snail/root.txt
INFO: [ app_init ] --START--
INFO: Run Behavior\BuildLiteBehavior [ RunTime:0.000019s ]
INFO: [ app_init ] --END-- [ RunTime:0.000416s ]
ERR: 无法加载模块:Root

[ 2016-03-20T17:18:30+08:00 ] 140.205.144.145 /snail/root.txt
INFO: [ app_init ] --START--
INFO: Run Behavior\BuildLiteBehavior [ RunTime:0.000018s ]
INFO: [ app_init ] --END-- [ RunTime:0.000433s ]
ERR: 无法加载模块:Root

