[ 2016-03-17T08:43:28+08:00 ] 111.0.98.192 /snail/Public/jquery/jquery-2.2.0.min.js
INFO: [ app_init ] --START--
INFO: Run Behavior\BuildLiteBehavior [ RunTime:0.000021s ]
INFO: [ app_init ] --END-- [ RunTime:0.000579s ]
ERR: 无法加载模块:Public

[ 2016-03-17T08:43:30+08:00 ] 111.0.98.192 /snail/Public/jquery/jquery-2.2.0.min.js
INFO: [ app_init ] --START--
INFO: Run Behavior\BuildLiteBehavior [ RunTime:0.000016s ]
INFO: [ app_init ] --END-- [ RunTime:0.000411s ]
ERR: 无法加载模块:Public

[ 2016-03-17T08:43:37+08:00 ] 111.0.98.192 /snail/Public/jquery/jquery-2.2.0.min.js
INFO: [ app_init ] --START--
INFO: Run Behavior\BuildLiteBehavior [ RunTime:0.000020s ]
INFO: [ app_init ] --END-- [ RunTime:0.000440s ]
ERR: 无法加载模块:Public

[ 2016-03-17T08:45:29+08:00 ] 111.0.98.192 /snail/Public/jquery/jquery-2.2.0.min.js
INFO: [ app_init ] --START--
INFO: Run Behavior\BuildLiteBehavior [ RunTime:0.000017s ]
INFO: [ app_init ] --END-- [ RunTime:0.000407s ]
ERR: 无法加载模块:Public

[ 2016-03-17T08:47:19+08:00 ] 111.0.98.192 /snail/Public/jquery/jquery-2.2.0.min.js
INFO: [ app_init ] --START--
INFO: Run Behavior\BuildLiteBehavior [ RunTime:0.000035s ]
INFO: [ app_init ] --END-- [ RunTime:0.000439s ]
ERR: 无法加载模块:Public

[ 2016-03-17T08:53:41+08:00 ] 111.0.98.192 /snail/Public/jquery/jquery-2.2.0.min.js
INFO: [ app_init ] --START--
INFO: Run Behavior\BuildLiteBehavior [ RunTime:0.000025s ]
INFO: [ app_init ] --END-- [ RunTime:0.000542s ]
ERR: 无法加载模块:Public

[ 2016-03-17T08:56:25+08:00 ] 111.0.98.192 /snail/Public/jquery/jquery-2.2.0.min.js
INFO: [ app_init ] --START--
INFO: Run Behavior\BuildLiteBehavior [ RunTime:0.000017s ]
INFO: [ app_init ] --END-- [ RunTime:0.000422s ]
ERR: 无法加载模块:Public

[ 2016-03-17T08:59:14+08:00 ] 111.0.98.192 /snail/Public/jquery/jquery-2.2.0.min.js
INFO: [ app_init ] --START--
INFO: Run Behavior\BuildLiteBehavior [ RunTime:0.000016s ]
INFO: [ app_init ] --END-- [ RunTime:0.000449s ]
ERR: 无法加载模块:Public

[ 2016-03-17T18:32:25+08:00 ] 111.0.98.192 /snail/Public/bootstrap-3.3.6-dist/css/less/normalize.less
INFO: [ app_init ] --START--
INFO: Run Behavior\BuildLiteBehavior [ RunTime:0.000017s ]
INFO: [ app_init ] --END-- [ RunTime:0.000424s ]
ERR: 无法加载模块:Public

[ 2016-03-17T18:32:25+08:00 ] 111.0.98.192 /snail/Public/bootstrap-3.3.6-dist/css/less/print.less
INFO: [ app_init ] --START--
INFO: Run Behavior\BuildLiteBehavior [ RunTime:0.000019s ]
INFO: [ app_init ] --END-- [ RunTime:0.000473s ]
ERR: 无法加载模块:Public

[ 2016-03-17T18:32:25+08:00 ] 111.0.98.192 /snail/Public/bootstrap-3.3.6-dist/css/dist/css/bootstrap.css
INFO: [ app_init ] --START--
INFO: Run Behavior\BuildLiteBehavior [ RunTime:0.000018s ]
INFO: [ app_init ] --END-- [ RunTime:0.000481s ]
ERR: 无法加载模块:Public

[ 2016-03-17T18:32:25+08:00 ] 111.0.98.192 /snail/Public/bootstrap-3.3.6-dist/css/less/glyphicons.less
INFO: [ app_init ] --START--
INFO: Run Behavior\BuildLiteBehavior [ RunTime:0.000020s ]
INFO: [ app_init ] --END-- [ RunTime:0.000430s ]
ERR: 无法加载模块:Public

[ 2016-03-17T18:32:25+08:00 ] 180.153.201.64 /snail/Public/bootstrap-3.3.6-dist/css/less/glyphicons.less
INFO: [ app_init ] --START--
INFO: Run Behavior\BuildLiteBehavior [ RunTime:0.000019s ]
INFO: [ app_init ] --END-- [ RunTime:0.000416s ]
ERR: 无法加载模块:Public

[ 2016-03-17T18:32:25+08:00 ] 111.0.98.192 /snail/Public/bootstrap-3.3.6-dist/css/less/scaffolding.less
INFO: [ app_init ] --START--
INFO: Run Behavior\BuildLiteBehavior [ RunTime:0.000027s ]
INFO: [ app_init ] --END-- [ RunTime:0.000490s ]
ERR: 无法加载模块:Public

[ 2016-03-17T18:32:25+08:00 ] 111.0.98.192 /snail/Public/bootstrap-3.3.6-dist/css/less/mixins/vendor-prefixes.less
INFO: [ app_init ] --START--
INFO: Run Behavior\BuildLiteBehavior [ RunTime:0.000021s ]
INFO: [ app_init ] --END-- [ RunTime:0.000521s ]
ERR: 无法加载模块:Public

[ 2016-03-17T18:32:25+08:00 ] 61.151.218.119 /snail/Public/bootstrap-3.3.6-dist/css/less/mixins/vendor-prefixes.less
INFO: [ app_init ] --START--
INFO: Run Behavior\BuildLiteBehavior [ RunTime:0.000016s ]
INFO: [ app_init ] --END-- [ RunTime:0.000410s ]
ERR: 无法加载模块:Public

[ 2016-03-17T18:32:25+08:00 ] 111.0.98.192 /snail/Public/bootstrap-3.3.6-dist/css/less/mixins/tab-focus.less
INFO: [ app_init ] --START--
INFO: Run Behavior\BuildLiteBehavior [ RunTime:0.000021s ]
INFO: [ app_init ] --END-- [ RunTime:0.000455s ]
ERR: 无法加载模块:Public

[ 2016-03-17T18:32:25+08:00 ] 111.0.98.192 /snail/Public/bootstrap-3.3.6-dist/css/less/mixins/image.less
INFO: [ app_init ] --START--
INFO: Run Behavior\BuildLiteBehavior [ RunTime:0.000018s ]
INFO: [ app_init ] --END-- [ RunTime:0.000414s ]
ERR: 无法加载模块:Public

[ 2016-03-17T18:32:25+08:00 ] 111.0.98.192 /snail/Public/bootstrap-3.3.6-dist/css/less/type.less
INFO: [ app_init ] --START--
INFO: Run Behavior\BuildLiteBehavior [ RunTime:0.000017s ]
INFO: [ app_init ] --END-- [ RunTime:0.000417s ]
ERR: 无法加载模块:Public

[ 2016-03-17T18:32:26+08:00 ] 180.153.163.189 /snail/Public/bootstrap-3.3.6-dist/css/less/type.less
INFO: [ app_init ] --START--
INFO: Run Behavior\BuildLiteBehavior [ RunTime:0.000021s ]
INFO: [ app_init ] --END-- [ RunTime:0.000467s ]
ERR: 无法加载模块:Public

[ 2016-03-17T18:32:26+08:00 ] 111.0.98.192 /snail/Public/bootstrap-3.3.6-dist/css/less/mixins/text-emphasis.less
INFO: [ app_init ] --START--
INFO: Run Behavior\BuildLiteBehavior [ RunTime:0.000018s ]
INFO: [ app_init ] --END-- [ RunTime:0.000430s ]
ERR: 无法加载模块:Public

[ 2016-03-17T18:32:26+08:00 ] 111.0.98.192 /snail/Public/bootstrap-3.3.6-dist/css/less/mixins/background-variant.less
INFO: [ app_init ] --START--
INFO: Run Behavior\BuildLiteBehavior [ RunTime:0.000021s ]
INFO: [ app_init ] --END-- [ RunTime:0.000471s ]
ERR: 无法加载模块:Public

[ 2016-03-17T18:32:26+08:00 ] 112.65.193.14 /snail/Public/bootstrap-3.3.6-dist/css/less/mixins/text-emphasis.less
INFO: [ app_init ] --START--
INFO: Run Behavior\BuildLiteBehavior [ RunTime:0.000018s ]
INFO: [ app_init ] --END-- [ RunTime:0.000424s ]
ERR: 无法加载模块:Public

[ 2016-03-17T18:32:26+08:00 ] 111.0.98.192 /snail/Public/bootstrap-3.3.6-dist/css/less/mixins/text-overflow.less
INFO: [ app_init ] --START--
INFO: Run Behavior\BuildLiteBehavior [ RunTime:0.000017s ]
INFO: [ app_init ] --END-- [ RunTime:0.000428s ]
ERR: 无法加载模块:Public

[ 2016-03-17T18:32:26+08:00 ] 111.0.98.192 /snail/Public/bootstrap-3.3.6-dist/css/less/code.less
INFO: [ app_init ] --START--
INFO: Run Behavior\BuildLiteBehavior [ RunTime:0.000017s ]
INFO: [ app_init ] --END-- [ RunTime:0.000411s ]
ERR: 无法加载模块:Public

[ 2016-03-17T18:32:26+08:00 ] 180.153.206.25 /snail/Public/bootstrap-3.3.6-dist/css/less/mixins/text-overflow.less
INFO: [ app_init ] --START--
INFO: Run Behavior\BuildLiteBehavior [ RunTime:0.000020s ]
INFO: [ app_init ] --END-- [ RunTime:0.000446s ]
ERR: 无法加载模块:Public

[ 2016-03-17T18:32:26+08:00 ] 111.0.98.192 /snail/Public/bootstrap-3.3.6-dist/css/less/grid.less
INFO: [ app_init ] --START--
INFO: Run Behavior\BuildLiteBehavior [ RunTime:0.000023s ]
INFO: [ app_init ] --END-- [ RunTime:0.000726s ]
ERR: 无法加载模块:Public

[ 2016-03-17T18:32:26+08:00 ] 101.226.33.219 /snail/Public/bootstrap-3.3.6-dist/css/less/code.less
INFO: [ app_init ] --START--
INFO: Run Behavior\BuildLiteBehavior [ RunTime:0.000020s ]
INFO: [ app_init ] --END-- [ RunTime:0.000473s ]
ERR: 无法加载模块:Public

[ 2016-03-17T18:32:26+08:00 ] 111.0.98.192 /snail/Public/bootstrap-3.3.6-dist/css/less/mixins/grid.less
INFO: [ app_init ] --START--
INFO: Run Behavior\BuildLiteBehavior [ RunTime:0.000016s ]
INFO: [ app_init ] --END-- [ RunTime:0.000417s ]
ERR: 无法加载模块:Public

[ 2016-03-17T18:32:26+08:00 ] 180.153.206.24 /snail/Public/bootstrap-3.3.6-dist/css/less/mixins/background-variant.less
INFO: [ app_init ] --START--
INFO: Run Behavior\BuildLiteBehavior [ RunTime:0.000015s ]
INFO: [ app_init ] --END-- [ RunTime:0.000401s ]
ERR: 无法加载模块:Public

[ 2016-03-17T18:32:26+08:00 ] 111.0.98.192 /snail/Public/bootstrap-3.3.6-dist/css/less/mixins/grid-framework.less
INFO: [ app_init ] --START--
INFO: Run Behavior\BuildLiteBehavior [ RunTime:0.000024s ]
INFO: [ app_init ] --END-- [ RunTime:0.000609s ]
ERR: 无法加载模块:Public

[ 2016-03-17T18:32:26+08:00 ] 101.226.65.108 /snail/Public/bootstrap-3.3.6-dist/css/less/mixins/grid-framework.less
INFO: [ app_init ] --START--
INFO: Run Behavior\BuildLiteBehavior [ RunTime:0.000017s ]
INFO: [ app_init ] --END-- [ RunTime:0.000421s ]
ERR: 无法加载模块:Public

[ 2016-03-17T18:32:26+08:00 ] 111.0.98.192 /snail/Public/bootstrap-3.3.6-dist/css/less/tables.less
INFO: [ app_init ] --START--
INFO: Run Behavior\BuildLiteBehavior [ RunTime:0.000024s ]
INFO: [ app_init ] --END-- [ RunTime:0.000413s ]
ERR: 无法加载模块:Public

[ 2016-03-17T18:32:26+08:00 ] 101.226.33.202 /snail/Public/bootstrap-3.3.6-dist/css/less/tables.less
INFO: [ app_init ] --START--
INFO: Run Behavior\BuildLiteBehavior [ RunTime:0.000016s ]
INFO: [ app_init ] --END-- [ RunTime:0.000416s ]
ERR: 无法加载模块:Public

[ 2016-03-17T18:32:26+08:00 ] 111.0.98.192 /snail/Public/bootstrap-3.3.6-dist/css/less/mixins/table-row.less
INFO: [ app_init ] --START--
INFO: Run Behavior\BuildLiteBehavior [ RunTime:0.000015s ]
INFO: [ app_init ] --END-- [ RunTime:0.000412s ]
ERR: 无法加载模块:Public

[ 2016-03-17T18:32:26+08:00 ] 101.226.66.193 /snail/Public/bootstrap-3.3.6-dist/css/less/mixins/table-row.less
INFO: [ app_init ] --START--
INFO: Run Behavior\BuildLiteBehavior [ RunTime:0.000019s ]
INFO: [ app_init ] --END-- [ RunTime:0.000451s ]
ERR: 无法加载模块:Public

[ 2016-03-17T18:32:26+08:00 ] 111.0.98.192 /snail/Public/bootstrap-3.3.6-dist/css/less/forms.less
INFO: [ app_init ] --START--
INFO: Run Behavior\BuildLiteBehavior [ RunTime:0.000015s ]
INFO: [ app_init ] --END-- [ RunTime:0.000404s ]
ERR: 无法加载模块:Public

[ 2016-03-17T18:32:26+08:00 ] 101.226.65.104 /snail/Public/bootstrap-3.3.6-dist/css/less/forms.less
INFO: [ app_init ] --START--
INFO: Run Behavior\BuildLiteBehavior [ RunTime:0.000017s ]
INFO: [ app_init ] --END-- [ RunTime:0.000410s ]
ERR: 无法加载模块:Public

[ 2016-03-17T18:32:26+08:00 ] 111.0.98.192 /snail/Public/bootstrap-3.3.6-dist/css/less/mixins/forms.less
INFO: [ app_init ] --START--
INFO: Run Behavior\BuildLiteBehavior [ RunTime:0.000016s ]
INFO: [ app_init ] --END-- [ RunTime:0.000410s ]
ERR: 无法加载模块:Public

[ 2016-03-17T18:32:26+08:00 ] 180.153.163.206 /snail/Public/bootstrap-3.3.6-dist/css/less/mixins/forms.less
INFO: [ app_init ] --START--
INFO: Run Behavior\BuildLiteBehavior [ RunTime:0.000019s ]
INFO: [ app_init ] --END-- [ RunTime:0.000417s ]
ERR: 无法加载模块:Public

[ 2016-03-17T18:32:26+08:00 ] 111.0.98.192 /snail/Public/bootstrap-3.3.6-dist/css/less/buttons.less
INFO: [ app_init ] --START--
INFO: Run Behavior\BuildLiteBehavior [ RunTime:0.000016s ]
INFO: [ app_init ] --END-- [ RunTime:0.000400s ]
ERR: 无法加载模块:Public

[ 2016-03-17T18:32:27+08:00 ] 101.226.89.119 /snail/Public/bootstrap-3.3.6-dist/css/less/buttons.less
INFO: [ app_init ] --START--
INFO: Run Behavior\BuildLiteBehavior [ RunTime:0.000016s ]
INFO: [ app_init ] --END-- [ RunTime:0.000423s ]
ERR: 无法加载模块:Public

[ 2016-03-17T18:32:27+08:00 ] 111.0.98.192 /snail/Public/bootstrap-3.3.6-dist/css/less/mixins/buttons.less
INFO: [ app_init ] --START--
INFO: Run Behavior\BuildLiteBehavior [ RunTime:0.000015s ]
INFO: [ app_init ] --END-- [ RunTime:0.000425s ]
ERR: 无法加载模块:Public

[ 2016-03-17T18:32:27+08:00 ] 101.226.65.104 /snail/Public/bootstrap-3.3.6-dist/css/less/mixins/buttons.less
INFO: [ app_init ] --START--
INFO: Run Behavior\BuildLiteBehavior [ RunTime:0.000017s ]
INFO: [ app_init ] --END-- [ RunTime:0.000405s ]
ERR: 无法加载模块:Public

[ 2016-03-17T18:32:27+08:00 ] 111.0.98.192 /snail/Public/bootstrap-3.3.6-dist/css/less/mixins/opacity.less
INFO: [ app_init ] --START--
INFO: Run Behavior\BuildLiteBehavior [ RunTime:0.000020s ]
INFO: [ app_init ] --END-- [ RunTime:0.000474s ]
ERR: 无法加载模块:Public

[ 2016-03-17T18:32:27+08:00 ] 180.153.214.199 /snail/Public/bootstrap-3.3.6-dist/css/less/mixins/opacity.less
INFO: [ app_init ] --START--
INFO: Run Behavior\BuildLiteBehavior [ RunTime:0.000017s ]
INFO: [ app_init ] --END-- [ RunTime:0.000411s ]
ERR: 无法加载模块:Public

[ 2016-03-17T18:32:27+08:00 ] 111.0.98.192 /snail/Public/bootstrap-3.3.6-dist/css/less/component-animations.less
INFO: [ app_init ] --START--
INFO: Run Behavior\BuildLiteBehavior [ RunTime:0.000022s ]
INFO: [ app_init ] --END-- [ RunTime:0.000430s ]
ERR: 无法加载模块:Public

[ 2016-03-17T18:32:27+08:00 ] 180.153.206.36 /snail/Public/bootstrap-3.3.6-dist/css/less/component-animations.less
INFO: [ app_init ] --START--
INFO: Run Behavior\BuildLiteBehavior [ RunTime:0.000017s ]
INFO: [ app_init ] --END-- [ RunTime:0.000433s ]
ERR: 无法加载模块:Public

[ 2016-03-17T18:32:27+08:00 ] 111.0.98.192 /snail/Public/bootstrap-3.3.6-dist/css/less/dropdowns.less
INFO: [ app_init ] --START--
INFO: Run Behavior\BuildLiteBehavior [ RunTime:0.000016s ]
INFO: [ app_init ] --END-- [ RunTime:0.000479s ]
ERR: 无法加载模块:Public

[ 2016-03-17T18:32:27+08:00 ] 111.0.98.192 /snail/Public/bootstrap-3.3.6-dist/css/less/mixins/nav-divider.less
INFO: [ app_init ] --START--
INFO: Run Behavior\BuildLiteBehavior [ RunTime:0.000017s ]
INFO: [ app_init ] --END-- [ RunTime:0.000441s ]
ERR: 无法加载模块:Public

[ 2016-03-17T18:32:27+08:00 ] 112.64.235.245 /snail/Public/bootstrap-3.3.6-dist/css/less/dropdowns.less
INFO: [ app_init ] --START--
INFO: Run Behavior\BuildLiteBehavior [ RunTime:0.000016s ]
INFO: [ app_init ] --END-- [ RunTime:0.000438s ]
ERR: 无法加载模块:Public

[ 2016-03-17T18:32:27+08:00 ] 111.0.98.192 /snail/Public/bootstrap-3.3.6-dist/css/less/mixins/reset-filter.less
INFO: [ app_init ] --START--
INFO: Run Behavior\BuildLiteBehavior [ RunTime:0.000028s ]
INFO: [ app_init ] --END-- [ RunTime:0.000649s ]
ERR: 无法加载模块:Public

[ 2016-03-17T18:32:27+08:00 ] 180.153.211.190 /snail/Public/bootstrap-3.3.6-dist/css/less/mixins/nav-divider.less
INFO: [ app_init ] --START--
INFO: Run Behavior\BuildLiteBehavior [ RunTime:0.000017s ]
INFO: [ app_init ] --END-- [ RunTime:0.000397s ]
ERR: 无法加载模块:Public

[ 2016-03-17T18:32:27+08:00 ] 180.153.163.210 /snail/Public/bootstrap-3.3.6-dist/css/less/mixins/reset-filter.less
INFO: [ app_init ] --START--
INFO: Run Behavior\BuildLiteBehavior [ RunTime:0.000017s ]
INFO: [ app_init ] --END-- [ RunTime:0.000416s ]
ERR: 无法加载模块:Public

[ 2016-03-17T18:32:27+08:00 ] 61.151.218.118 /snail/Public/bootstrap-3.3.6-dist/css/less/print.less
INFO: [ app_init ] --START--
INFO: Run Behavior\BuildLiteBehavior [ RunTime:0.000016s ]
INFO: [ app_init ] --END-- [ RunTime:0.000402s ]
ERR: 无法加载模块:Public

[ 2016-03-17T18:32:27+08:00 ] 111.0.98.192 /snail/Public/bootstrap-3.3.6-dist/css/less/button-groups.less
INFO: [ app_init ] --START--
INFO: Run Behavior\BuildLiteBehavior [ RunTime:0.000030s ]
INFO: [ app_init ] --END-- [ RunTime:0.000463s ]
ERR: 无法加载模块:Public

[ 2016-03-17T18:32:27+08:00 ] 61.151.218.118 /snail/Public/bootstrap-3.3.6-dist/css/less/mixins/grid.less
INFO: [ app_init ] --START--
INFO: Run Behavior\BuildLiteBehavior [ RunTime:0.000016s ]
INFO: [ app_init ] --END-- [ RunTime:0.000423s ]
ERR: 无法加载模块:Public

[ 2016-03-17T18:32:27+08:00 ] 180.153.214.198 /snail/Public/bootstrap-3.3.6-dist/css/less/button-groups.less
INFO: [ app_init ] --START--
INFO: Run Behavior\BuildLiteBehavior [ RunTime:0.000017s ]
INFO: [ app_init ] --END-- [ RunTime:0.000402s ]
ERR: 无法加载模块:Public

[ 2016-03-17T18:32:27+08:00 ] 111.0.98.192 /snail/Public/bootstrap-3.3.6-dist/css/less/mixins/border-radius.less
INFO: [ app_init ] --START--
INFO: Run Behavior\BuildLiteBehavior [ RunTime:0.000015s ]
INFO: [ app_init ] --END-- [ RunTime:0.000392s ]
ERR: 无法加载模块:Public

[ 2016-03-17T18:32:27+08:00 ] 111.0.98.192 /snail/Public/bootstrap-3.3.6-dist/css/less/input-groups.less
INFO: [ app_init ] --START--
INFO: Run Behavior\BuildLiteBehavior [ RunTime:0.000017s ]
INFO: [ app_init ] --END-- [ RunTime:0.000441s ]
ERR: 无法加载模块:Public

[ 2016-03-17T18:32:27+08:00 ] 101.226.51.229 /snail/Public/bootstrap-3.3.6-dist/css/less/mixins/border-radius.less
INFO: [ app_init ] --START--
INFO: Run Behavior\BuildLiteBehavior [ RunTime:0.000018s ]
INFO: [ app_init ] --END-- [ RunTime:0.000482s ]
ERR: 无法加载模块:Public

[ 2016-03-17T18:32:27+08:00 ] 101.226.89.117 /snail/Public/bootstrap-3.3.6-dist/css/less/input-groups.less
INFO: [ app_init ] --START--
INFO: Run Behavior\BuildLiteBehavior [ RunTime:0.000019s ]
INFO: [ app_init ] --END-- [ RunTime:0.000489s ]
ERR: 无法加载模块:Public

[ 2016-03-17T18:32:27+08:00 ] 111.0.98.192 /snail/Public/bootstrap-3.3.6-dist/css/less/navs.less
INFO: [ app_init ] --START--
INFO: Run Behavior\BuildLiteBehavior [ RunTime:0.000020s ]
INFO: [ app_init ] --END-- [ RunTime:0.000423s ]
ERR: 无法加载模块:Public

[ 2016-03-17T18:32:27+08:00 ] 101.226.33.206 /snail/Public/bootstrap-3.3.6-dist/css/less/navs.less
INFO: [ app_init ] --START--
INFO: Run Behavior\BuildLiteBehavior [ RunTime:0.000022s ]
INFO: [ app_init ] --END-- [ RunTime:0.000469s ]
ERR: 无法加载模块:Public

[ 2016-03-17T18:32:27+08:00 ] 111.0.98.192 /snail/Public/bootstrap-3.3.6-dist/css/less/navbar.less
INFO: [ app_init ] --START--
INFO: Run Behavior\BuildLiteBehavior [ RunTime:0.000026s ]
INFO: [ app_init ] --END-- [ RunTime:0.000497s ]
ERR: 无法加载模块:Public

[ 2016-03-17T18:32:27+08:00 ] 180.153.205.252 /snail/Public/bootstrap-3.3.6-dist/css/less/navbar.less
INFO: [ app_init ] --START--
INFO: Run Behavior\BuildLiteBehavior [ RunTime:0.000019s ]
INFO: [ app_init ] --END-- [ RunTime:0.000427s ]
ERR: 无法加载模块:Public

[ 2016-03-17T18:32:27+08:00 ] 111.0.98.192 /snail/Public/bootstrap-3.3.6-dist/css/less/mixins/nav-vertical-align.less
INFO: [ app_init ] --START--
INFO: Run Behavior\BuildLiteBehavior [ RunTime:0.000016s ]
INFO: [ app_init ] --END-- [ RunTime:0.000409s ]
ERR: 无法加载模块:Public

[ 2016-03-17T18:32:28+08:00 ] 112.65.193.16 /snail/Public/bootstrap-3.3.6-dist/css/less/mixins/nav-vertical-align.less
INFO: [ app_init ] --START--
INFO: Run Behavior\BuildLiteBehavior [ RunTime:0.000017s ]
INFO: [ app_init ] --END-- [ RunTime:0.000409s ]
ERR: 无法加载模块:Public

[ 2016-03-17T18:32:28+08:00 ] 111.0.98.192 /snail/Public/bootstrap-3.3.6-dist/css/less/utilities.less
INFO: [ app_init ] --START--
INFO: Run Behavior\BuildLiteBehavior [ RunTime:0.000022s ]
INFO: [ app_init ] --END-- [ RunTime:0.000598s ]
ERR: 无法加载模块:Public

[ 2016-03-17T18:32:28+08:00 ] 180.153.163.186 /snail/Public/bootstrap-3.3.6-dist/css/less/utilities.less
INFO: [ app_init ] --START--
INFO: Run Behavior\BuildLiteBehavior [ RunTime:0.000018s ]
INFO: [ app_init ] --END-- [ RunTime:0.000416s ]
ERR: 无法加载模块:Public

[ 2016-03-17T18:32:28+08:00 ] 111.0.98.192 /snail/Public/bootstrap-3.3.6-dist/css/less/breadcrumbs.less
INFO: [ app_init ] --START--
INFO: Run Behavior\BuildLiteBehavior [ RunTime:0.000020s ]
INFO: [ app_init ] --END-- [ RunTime:0.000446s ]
ERR: 无法加载模块:Public

[ 2016-03-17T18:32:28+08:00 ] 101.226.33.223 /snail/Public/bootstrap-3.3.6-dist/css/less/mixins/tab-focus.less
INFO: [ app_init ] --START--
INFO: Run Behavior\BuildLiteBehavior [ RunTime:0.000019s ]
INFO: [ app_init ] --END-- [ RunTime:0.000414s ]
ERR: 无法加载模块:Public

[ 2016-03-17T18:32:28+08:00 ] 101.226.33.223 /snail/Public/bootstrap-3.3.6-dist/css/less/normalize.less
INFO: [ app_init ] --START--
INFO: Run Behavior\BuildLiteBehavior [ RunTime:0.000023s ]
INFO: [ app_init ] --END-- [ RunTime:0.000527s ]
ERR: 无法加载模块:Public

[ 2016-03-17T18:32:28+08:00 ] 180.153.206.37 /snail/Public/bootstrap-3.3.6-dist/css/less/breadcrumbs.less
INFO: [ app_init ] --START--
INFO: Run Behavior\BuildLiteBehavior [ RunTime:0.000018s ]
INFO: [ app_init ] --END-- [ RunTime:0.000416s ]
ERR: 无法加载模块:Public

[ 2016-03-17T18:32:28+08:00 ] 101.226.65.105 /snail/Public/bootstrap-3.3.6-dist/css/less/scaffolding.less
INFO: [ app_init ] --START--
INFO: Run Behavior\BuildLiteBehavior [ RunTime:0.000021s ]
INFO: [ app_init ] --END-- [ RunTime:0.026914s ]
ERR: 无法加载模块:Public

[ 2016-03-17T18:32:28+08:00 ] 111.0.98.192 /snail/Public/bootstrap-3.3.6-dist/css/less/pagination.less
INFO: [ app_init ] --START--
INFO: Run Behavior\BuildLiteBehavior [ RunTime:0.000021s ]
INFO: [ app_init ] --END-- [ RunTime:0.000439s ]
ERR: 无法加载模块:Public

[ 2016-03-17T18:32:28+08:00 ] 101.226.89.119 /snail/Public/bootstrap-3.3.6-dist/css/less/pagination.less
INFO: [ app_init ] --START--
INFO: Run Behavior\BuildLiteBehavior [ RunTime:0.000022s ]
INFO: [ app_init ] --END-- [ RunTime:0.000465s ]
ERR: 无法加载模块:Public

[ 2016-03-17T18:32:28+08:00 ] 101.226.33.216 /snail/Public/bootstrap-3.3.6-dist/css/less/mixins/pagination.less
INFO: [ app_init ] --START--
INFO: Run Behavior\BuildLiteBehavior [ RunTime:0.000018s ]
INFO: [ app_init ] --END-- [ RunTime:0.000420s ]
ERR: 无法加载模块:Public

[ 2016-03-17T18:32:28+08:00 ] 111.0.98.192 /snail/Public/bootstrap-3.3.6-dist/css/less/mixins/pagination.less
INFO: [ app_init ] --START--
INFO: Run Behavior\BuildLiteBehavior [ RunTime:0.000020s ]
INFO: [ app_init ] --END-- [ RunTime:0.000608s ]
ERR: 无法加载模块:Public

[ 2016-03-17T18:32:28+08:00 ] 111.0.98.192 /snail/Public/bootstrap-3.3.6-dist/css/less/pager.less
INFO: [ app_init ] --START--
INFO: Run Behavior\BuildLiteBehavior [ RunTime:0.000016s ]
INFO: [ app_init ] --END-- [ RunTime:0.000440s ]
ERR: 无法加载模块:Public

[ 2016-03-17T18:32:28+08:00 ] 111.0.98.192 /snail/Public/bootstrap-3.3.6-dist/css/less/labels.less
INFO: [ app_init ] --START--
INFO: Run Behavior\BuildLiteBehavior [ RunTime:0.000019s ]
INFO: [ app_init ] --END-- [ RunTime:0.000506s ]
ERR: 无法加载模块:Public

[ 2016-03-17T18:32:28+08:00 ] 180.153.205.254 /snail/Public/bootstrap-3.3.6-dist/css/less/pager.less
INFO: [ app_init ] --START--
INFO: Run Behavior\BuildLiteBehavior [ RunTime:0.000027s ]
INFO: [ app_init ] --END-- [ RunTime:0.000527s ]
ERR: 无法加载模块:Public

[ 2016-03-17T18:32:28+08:00 ] 111.0.98.192 /snail/Public/bootstrap-3.3.6-dist/css/less/mixins/labels.less
INFO: [ app_init ] --START--
INFO: Run Behavior\BuildLiteBehavior [ RunTime:0.000034s ]
INFO: [ app_init ] --END-- [ RunTime:0.000788s ]
ERR: 无法加载模块:Public

[ 2016-03-17T18:32:28+08:00 ] 111.0.98.192 /snail/Public/bootstrap-3.3.6-dist/css/less/badges.less
INFO: [ app_init ] --START--
INFO: Run Behavior\BuildLiteBehavior [ RunTime:0.000030s ]
INFO: [ app_init ] --END-- [ RunTime:0.000726s ]
ERR: 无法加载模块:Public

[ 2016-03-17T18:32:28+08:00 ] 111.0.98.192 /snail/Public/bootstrap-3.3.6-dist/css/less/jumbotron.less
INFO: [ app_init ] --START--
INFO: Run Behavior\BuildLiteBehavior [ RunTime:0.000021s ]
INFO: [ app_init ] --END-- [ RunTime:0.000472s ]
ERR: 无法加载模块:Public

[ 2016-03-17T18:32:28+08:00 ] 101.226.66.180 /snail/Public/bootstrap-3.3.6-dist/css/less/jumbotron.less
INFO: [ app_init ] --START--
INFO: Run Behavior\BuildLiteBehavior [ RunTime:0.000018s ]
INFO: [ app_init ] --END-- [ RunTime:0.000415s ]
ERR: 无法加载模块:Public

[ 2016-03-17T18:32:28+08:00 ] 111.0.98.192 /snail/Public/bootstrap-3.3.6-dist/css/less/thumbnails.less
INFO: [ app_init ] --START--
INFO: Run Behavior\BuildLiteBehavior [ RunTime:0.000023s ]
INFO: [ app_init ] --END-- [ RunTime:0.000590s ]
ERR: 无法加载模块:Public

[ 2016-03-17T18:32:28+08:00 ] 112.64.235.89 /snail/Public/bootstrap-3.3.6-dist/css/less/thumbnails.less
INFO: [ app_init ] --START--
INFO: Run Behavior\BuildLiteBehavior [ RunTime:0.000018s ]
INFO: [ app_init ] --END-- [ RunTime:0.000421s ]
ERR: 无法加载模块:Public

[ 2016-03-17T18:32:28+08:00 ] 111.0.98.192 /snail/Public/bootstrap-3.3.6-dist/css/less/alerts.less
INFO: [ app_init ] --START--
INFO: Run Behavior\BuildLiteBehavior [ RunTime:0.000020s ]
INFO: [ app_init ] --END-- [ RunTime:0.000465s ]
ERR: 无法加载模块:Public

[ 2016-03-17T18:32:29+08:00 ] 111.0.98.192 /snail/Public/bootstrap-3.3.6-dist/css/less/mixins/alerts.less
INFO: [ app_init ] --START--
INFO: Run Behavior\BuildLiteBehavior [ RunTime:0.000018s ]
INFO: [ app_init ] --END-- [ RunTime:0.000412s ]
ERR: 无法加载模块:Public

[ 2016-03-17T18:32:29+08:00 ] 101.226.33.208 /snail/Public/bootstrap-3.3.6-dist/css/less/mixins/alerts.less
INFO: [ app_init ] --START--
INFO: Run Behavior\BuildLiteBehavior [ RunTime:0.000017s ]
INFO: [ app_init ] --END-- [ RunTime:0.000404s ]
ERR: 无法加载模块:Public

[ 2016-03-17T18:32:29+08:00 ] 180.153.163.189 /snail/Public/bootstrap-3.3.6-dist/css/less/alerts.less
INFO: [ app_init ] --START--
INFO: Run Behavior\BuildLiteBehavior [ RunTime:0.000017s ]
INFO: [ app_init ] --END-- [ RunTime:0.000480s ]
ERR: 无法加载模块:Public

[ 2016-03-17T18:32:29+08:00 ] 111.0.98.192 /snail/Public/bootstrap-3.3.6-dist/css/less/progress-bars.less
INFO: [ app_init ] --START--
INFO: Run Behavior\BuildLiteBehavior [ RunTime:0.000020s ]
INFO: [ app_init ] --END-- [ RunTime:0.000423s ]
ERR: 无法加载模块:Public

[ 2016-03-17T18:32:29+08:00 ] 101.226.33.237 /snail/Public/bootstrap-3.3.6-dist/css/less/badges.less
INFO: [ app_init ] --START--
INFO: Run Behavior\BuildLiteBehavior [ RunTime:0.000020s ]
INFO: [ app_init ] --END-- [ RunTime:0.000444s ]
ERR: 无法加载模块:Public

[ 2016-03-17T18:32:29+08:00 ] 180.153.163.211 /snail/Public/bootstrap-3.3.6-dist/css/less/mixins/labels.less
INFO: [ app_init ] --START--
INFO: Run Behavior\BuildLiteBehavior [ RunTime:0.000022s ]
INFO: [ app_init ] --END-- [ RunTime:0.000438s ]
ERR: 无法加载模块:Public

[ 2016-03-17T18:32:29+08:00 ] 112.64.235.89 /snail/Public/bootstrap-3.3.6-dist/css/less/progress-bars.less
INFO: [ app_init ] --START--
INFO: Run Behavior\BuildLiteBehavior [ RunTime:0.000019s ]
INFO: [ app_init ] --END-- [ RunTime:0.000495s ]
ERR: 无法加载模块:Public

[ 2016-03-17T18:32:29+08:00 ] 111.0.98.192 /snail/Public/bootstrap-3.3.6-dist/css/less/mixins/gradients.less
INFO: [ app_init ] --START--
INFO: Run Behavior\BuildLiteBehavior [ RunTime:0.000018s ]
INFO: [ app_init ] --END-- [ RunTime:0.000442s ]
ERR: 无法加载模块:Public

[ 2016-03-17T18:32:29+08:00 ] 101.226.89.115 /snail/Public/bootstrap-3.3.6-dist/css/less/mixins/gradients.less
INFO: [ app_init ] --START--
INFO: Run Behavior\BuildLiteBehavior [ RunTime:0.000016s ]
INFO: [ app_init ] --END-- [ RunTime:0.000421s ]
ERR: 无法加载模块:Public

[ 2016-03-17T18:32:29+08:00 ] 111.0.98.192 /snail/Public/bootstrap-3.3.6-dist/css/less/mixins/progress-bar.less
INFO: [ app_init ] --START--
INFO: Run Behavior\BuildLiteBehavior [ RunTime:0.000018s ]
INFO: [ app_init ] --END-- [ RunTime:0.000405s ]
ERR: 无法加载模块:Public

[ 2016-03-17T18:32:29+08:00 ] 180.153.214.189 /snail/Public/bootstrap-3.3.6-dist/css/less/mixins/progress-bar.less
INFO: [ app_init ] --START--
INFO: Run Behavior\BuildLiteBehavior [ RunTime:0.000018s ]
INFO: [ app_init ] --END-- [ RunTime:0.000477s ]
ERR: 无法加载模块:Public

[ 2016-03-17T18:32:29+08:00 ] 111.0.98.192 /snail/Public/bootstrap-3.3.6-dist/css/less/media.less
INFO: [ app_init ] --START--
INFO: Run Behavior\BuildLiteBehavior [ RunTime:0.000017s ]
INFO: [ app_init ] --END-- [ RunTime:0.000406s ]
ERR: 无法加载模块:Public

[ 2016-03-17T18:32:29+08:00 ] 101.226.51.230 /snail/Public/bootstrap-3.3.6-dist/css/less/media.less
INFO: [ app_init ] --START--
INFO: Run Behavior\BuildLiteBehavior [ RunTime:0.000023s ]
INFO: [ app_init ] --END-- [ RunTime:0.000513s ]
ERR: 无法加载模块:Public

[ 2016-03-17T18:32:29+08:00 ] 111.0.98.192 /snail/Public/bootstrap-3.3.6-dist/css/less/list-group.less
INFO: [ app_init ] --START--
INFO: Run Behavior\BuildLiteBehavior [ RunTime:0.000019s ]
INFO: [ app_init ] --END-- [ RunTime:0.000432s ]
ERR: 无法加载模块:Public

[ 2016-03-17T18:32:29+08:00 ] 111.0.98.192 /snail/Public/bootstrap-3.3.6-dist/css/less/mixins/list-group.less
INFO: [ app_init ] --START--
INFO: Run Behavior\BuildLiteBehavior [ RunTime:0.000023s ]
INFO: [ app_init ] --END-- [ RunTime:0.000471s ]
ERR: 无法加载模块:Public

[ 2016-03-17T18:32:29+08:00 ] 180.153.206.32 /snail/Public/bootstrap-3.3.6-dist/css/less/mixins/list-group.less
INFO: [ app_init ] --START--
INFO: Run Behavior\BuildLiteBehavior [ RunTime:0.000018s ]
INFO: [ app_init ] --END-- [ RunTime:0.000425s ]
ERR: 无法加载模块:Public

[ 2016-03-17T18:32:29+08:00 ] 111.0.98.192 /snail/Public/bootstrap-3.3.6-dist/css/less/panels.less
INFO: [ app_init ] --START--
INFO: Run Behavior\BuildLiteBehavior [ RunTime:0.000022s ]
INFO: [ app_init ] --END-- [ RunTime:0.000529s ]
ERR: 无法加载模块:Public

[ 2016-03-17T18:32:29+08:00 ] 101.226.65.105 /snail/Public/bootstrap-3.3.6-dist/css/less/panels.less
INFO: [ app_init ] --START--
INFO: Run Behavior\BuildLiteBehavior [ RunTime:0.000019s ]
INFO: [ app_init ] --END-- [ RunTime:0.000470s ]
ERR: 无法加载模块:Public

[ 2016-03-17T18:32:29+08:00 ] 111.0.98.192 /snail/Public/bootstrap-3.3.6-dist/css/less/mixins/panels.less
INFO: [ app_init ] --START--
INFO: Run Behavior\BuildLiteBehavior [ RunTime:0.000019s ]
INFO: [ app_init ] --END-- [ RunTime:0.000435s ]
ERR: 无法加载模块:Public

[ 2016-03-17T18:32:29+08:00 ] 101.226.89.119 /snail/Public/bootstrap-3.3.6-dist/css/less/mixins/panels.less
INFO: [ app_init ] --START--
INFO: Run Behavior\BuildLiteBehavior [ RunTime:0.000016s ]
INFO: [ app_init ] --END-- [ RunTime:0.000405s ]
ERR: 无法加载模块:Public

[ 2016-03-17T18:32:29+08:00 ] 111.0.98.192 /snail/Public/bootstrap-3.3.6-dist/css/less/responsive-embed.less
INFO: [ app_init ] --START--
INFO: Run Behavior\BuildLiteBehavior [ RunTime:0.000018s ]
INFO: [ app_init ] --END-- [ RunTime:0.000447s ]
ERR: 无法加载模块:Public

[ 2016-03-17T18:32:29+08:00 ] 111.0.98.192 /snail/Public/bootstrap-3.3.6-dist/css/less/wells.less
INFO: [ app_init ] --START--
INFO: Run Behavior\BuildLiteBehavior [ RunTime:0.000027s ]
INFO: [ app_init ] --END-- [ RunTime:0.000645s ]
ERR: 无法加载模块:Public

[ 2016-03-17T18:32:29+08:00 ] 180.153.214.192 /snail/Public/bootstrap-3.3.6-dist/css/less/responsive-embed.less
INFO: [ app_init ] --START--
INFO: Run Behavior\BuildLiteBehavior [ RunTime:0.000018s ]
INFO: [ app_init ] --END-- [ RunTime:0.000420s ]
ERR: 无法加载模块:Public

[ 2016-03-17T18:32:29+08:00 ] 101.226.33.204 /snail/Public/bootstrap-3.3.6-dist/css/less/wells.less
INFO: [ app_init ] --START--
INFO: Run Behavior\BuildLiteBehavior [ RunTime:0.000016s ]
INFO: [ app_init ] --END-- [ RunTime:0.000426s ]
ERR: 无法加载模块:Public

[ 2016-03-17T18:32:30+08:00 ] 111.0.98.192 /snail/Public/bootstrap-3.3.6-dist/css/less/close.less
INFO: [ app_init ] --START--
INFO: Run Behavior\BuildLiteBehavior [ RunTime:0.000018s ]
INFO: [ app_init ] --END-- [ RunTime:0.000423s ]
ERR: 无法加载模块:Public

[ 2016-03-17T18:32:30+08:00 ] 180.153.214.189 /snail/Public/bootstrap-3.3.6-dist/css/less/close.less
INFO: [ app_init ] --START--
INFO: Run Behavior\BuildLiteBehavior [ RunTime:0.000022s ]
INFO: [ app_init ] --END-- [ RunTime:0.000418s ]
ERR: 无法加载模块:Public

[ 2016-03-17T18:32:30+08:00 ] 111.0.98.192 /snail/Public/bootstrap-3.3.6-dist/css/less/modals.less
INFO: [ app_init ] --START--
INFO: Run Behavior\BuildLiteBehavior [ RunTime:0.000020s ]
INFO: [ app_init ] --END-- [ RunTime:0.000450s ]
ERR: 无法加载模块:Public

[ 2016-03-17T18:32:30+08:00 ] 101.226.33.240 /snail/Public/bootstrap-3.3.6-dist/css/less/modals.less
INFO: [ app_init ] --START--
INFO: Run Behavior\BuildLiteBehavior [ RunTime:0.000018s ]
INFO: [ app_init ] --END-- [ RunTime:0.000421s ]
ERR: 无法加载模块:Public

[ 2016-03-17T18:32:30+08:00 ] 111.0.98.192 /snail/Public/bootstrap-3.3.6-dist/css/less/tooltip.less
INFO: [ app_init ] --START--
INFO: Run Behavior\BuildLiteBehavior [ RunTime:0.000020s ]
INFO: [ app_init ] --END-- [ RunTime:0.000425s ]
ERR: 无法加载模块:Public

[ 2016-03-17T18:32:30+08:00 ] 180.153.211.190 /snail/Public/bootstrap-3.3.6-dist/css/less/tooltip.less
INFO: [ app_init ] --START--
INFO: Run Behavior\BuildLiteBehavior [ RunTime:0.000019s ]
INFO: [ app_init ] --END-- [ RunTime:0.000446s ]
ERR: 无法加载模块:Public

[ 2016-03-17T18:32:30+08:00 ] 111.0.98.192 /snail/Public/bootstrap-3.3.6-dist/css/less/mixins/reset-text.less
INFO: [ app_init ] --START--
INFO: Run Behavior\BuildLiteBehavior [ RunTime:0.000018s ]
INFO: [ app_init ] --END-- [ RunTime:0.000420s ]
ERR: 无法加载模块:Public

[ 2016-03-17T18:32:30+08:00 ] 180.153.201.64 /snail/Public/bootstrap-3.3.6-dist/css/less/mixins/reset-text.less
INFO: [ app_init ] --START--
INFO: Run Behavior\BuildLiteBehavior [ RunTime:0.000021s ]
INFO: [ app_init ] --END-- [ RunTime:0.000466s ]
ERR: 无法加载模块:Public

[ 2016-03-17T18:32:30+08:00 ] 111.0.98.192 /snail/Public/bootstrap-3.3.6-dist/css/less/popovers.less
INFO: [ app_init ] --START--
INFO: Run Behavior\BuildLiteBehavior [ RunTime:0.000039s ]
INFO: [ app_init ] --END-- [ RunTime:0.000571s ]
ERR: 无法加载模块:Public

[ 2016-03-17T18:32:30+08:00 ] 111.0.98.192 /snail/Public/bootstrap-3.3.6-dist/css/less/carousel.less
INFO: [ app_init ] --START--
INFO: Run Behavior\BuildLiteBehavior [ RunTime:0.000021s ]
INFO: [ app_init ] --END-- [ RunTime:0.000482s ]
ERR: 无法加载模块:Public

[ 2016-03-17T18:32:30+08:00 ] 180.153.206.17 /snail/Public/bootstrap-3.3.6-dist/css/less/popovers.less
INFO: [ app_init ] --START--
INFO: Run Behavior\BuildLiteBehavior [ RunTime:0.000028s ]
INFO: [ app_init ] --END-- [ RunTime:0.000666s ]
ERR: 无法加载模块:Public

[ 2016-03-17T18:32:30+08:00 ] 111.0.98.192 /snail/Public/bootstrap-3.3.6-dist/css/less/mixins/clearfix.less
INFO: [ app_init ] --START--
INFO: Run Behavior\BuildLiteBehavior [ RunTime:0.000020s ]
INFO: [ app_init ] --END-- [ RunTime:0.000430s ]
ERR: 无法加载模块:Public

[ 2016-03-17T18:32:30+08:00 ] 180.153.206.21 /snail/Public/bootstrap-3.3.6-dist/css/less/carousel.less
INFO: [ app_init ] --START--
INFO: Run Behavior\BuildLiteBehavior [ RunTime:0.000016s ]
INFO: [ app_init ] --END-- [ RunTime:0.000412s ]
ERR: 无法加载模块:Public

[ 2016-03-17T18:32:30+08:00 ] 111.0.98.192 /snail/Public/bootstrap-3.3.6-dist/css/less/mixins/center-block.less
INFO: [ app_init ] --START--
INFO: Run Behavior\BuildLiteBehavior [ RunTime:0.000015s ]
INFO: [ app_init ] --END-- [ RunTime:0.000391s ]
ERR: 无法加载模块:Public

[ 2016-03-17T18:32:30+08:00 ] 180.153.211.172 /snail/Public/bootstrap-3.3.6-dist/css/less/mixins/center-block.less
INFO: [ app_init ] --START--
INFO: Run Behavior\BuildLiteBehavior [ RunTime:0.000029s ]
INFO: [ app_init ] --END-- [ RunTime:0.000661s ]
ERR: 无法加载模块:Public

[ 2016-03-17T18:32:30+08:00 ] 111.0.98.192 /snail/Public/bootstrap-3.3.6-dist/css/less/mixins/hide-text.less
INFO: [ app_init ] --START--
INFO: Run Behavior\BuildLiteBehavior [ RunTime:0.000017s ]
INFO: [ app_init ] --END-- [ RunTime:0.000411s ]
ERR: 无法加载模块:Public

[ 2016-03-17T18:32:30+08:00 ] 180.153.161.55 /snail/Public/bootstrap-3.3.6-dist/css/less/mixins/hide-text.less
INFO: [ app_init ] --START--
INFO: Run Behavior\BuildLiteBehavior [ RunTime:0.000024s ]
INFO: [ app_init ] --END-- [ RunTime:0.000575s ]
ERR: 无法加载模块:Public

[ 2016-03-17T18:32:30+08:00 ] 111.0.98.192 /snail/Public/bootstrap-3.3.6-dist/css/less/responsive-utilities.less
INFO: [ app_init ] --START--
INFO: Run Behavior\BuildLiteBehavior [ RunTime:0.000022s ]
INFO: [ app_init ] --END-- [ RunTime:0.000472s ]
ERR: 无法加载模块:Public

[ 2016-03-17T18:32:30+08:00 ] 101.226.33.216 /snail/Public/bootstrap-3.3.6-dist/css/less/responsive-utilities.less
INFO: [ app_init ] --START--
INFO: Run Behavior\BuildLiteBehavior [ RunTime:0.000020s ]
INFO: [ app_init ] --END-- [ RunTime:0.000444s ]
ERR: 无法加载模块:Public

[ 2016-03-17T18:32:30+08:00 ] 111.0.98.192 /snail/Public/bootstrap-3.3.6-dist/css/less/mixins/responsive-visibility.less
INFO: [ app_init ] --START--
INFO: Run Behavior\BuildLiteBehavior [ RunTime:0.000021s ]
INFO: [ app_init ] --END-- [ RunTime:0.000439s ]
ERR: 无法加载模块:Public

[ 2016-03-17T18:32:31+08:00 ] 180.153.214.182 /snail/Public/bootstrap-3.3.6-dist/css/less/mixins/responsive-visibility.less
INFO: [ app_init ] --START--
INFO: Run Behavior\BuildLiteBehavior [ RunTime:0.000021s ]
INFO: [ app_init ] --END-- [ RunTime:0.000441s ]
ERR: 无法加载模块:Public

[ 2016-03-17T18:32:32+08:00 ] 180.153.206.34 /snail/Public/bootstrap-3.3.6-dist/css/less/list-group.less
INFO: [ app_init ] --START--
INFO: Run Behavior\BuildLiteBehavior [ RunTime:0.000019s ]
INFO: [ app_init ] --END-- [ RunTime:0.000430s ]
ERR: 无法加载模块:Public

[ 2016-03-17T19:34:11+08:00 ] 111.0.98.192 /snail/Public/bootstrap-3.3.6-dist/css/less/normalize.less
INFO: [ app_init ] --START--
INFO: Run Behavior\BuildLiteBehavior [ RunTime:0.000018s ]
INFO: [ app_init ] --END-- [ RunTime:0.000416s ]
ERR: 无法加载模块:Public

[ 2016-03-17T19:34:11+08:00 ] 111.0.98.192 /snail/Public/bootstrap-3.3.6-dist/css/less/print.less
INFO: [ app_init ] --START--
INFO: Run Behavior\BuildLiteBehavior [ RunTime:0.000016s ]
INFO: [ app_init ] --END-- [ RunTime:0.000407s ]
ERR: 无法加载模块:Public

[ 2016-03-17T19:34:11+08:00 ] 111.0.98.192 /snail/Public/bootstrap-3.3.6-dist/css/dist/css/bootstrap.css
INFO: [ app_init ] --START--
INFO: Run Behavior\BuildLiteBehavior [ RunTime:0.000016s ]
INFO: [ app_init ] --END-- [ RunTime:0.000417s ]
ERR: 无法加载模块:Public

[ 2016-03-17T19:34:12+08:00 ] 111.0.98.192 /snail/Public/bootstrap-3.3.6-dist/css/less/glyphicons.less
INFO: [ app_init ] --START--
INFO: Run Behavior\BuildLiteBehavior [ RunTime:0.000019s ]
INFO: [ app_init ] --END-- [ RunTime:0.000439s ]
ERR: 无法加载模块:Public

[ 2016-03-17T19:34:12+08:00 ] 111.0.98.192 /snail/Public/bootstrap-3.3.6-dist/css/less/scaffolding.less
INFO: [ app_init ] --START--
INFO: Run Behavior\BuildLiteBehavior [ RunTime:0.000020s ]
INFO: [ app_init ] --END-- [ RunTime:0.000412s ]
ERR: 无法加载模块:Public

[ 2016-03-17T19:34:12+08:00 ] 111.0.98.192 /snail/Public/bootstrap-3.3.6-dist/css/less/mixins/vendor-prefixes.less
INFO: [ app_init ] --START--
INFO: Run Behavior\BuildLiteBehavior [ RunTime:0.000019s ]
INFO: [ app_init ] --END-- [ RunTime:0.000695s ]
ERR: 无法加载模块:Public

[ 2016-03-17T19:34:12+08:00 ] 111.0.98.192 /snail/Public/bootstrap-3.3.6-dist/css/less/mixins/tab-focus.less
INFO: [ app_init ] --START--
INFO: Run Behavior\BuildLiteBehavior [ RunTime:0.000029s ]
INFO: [ app_init ] --END-- [ RunTime:0.000634s ]
ERR: 无法加载模块:Public

[ 2016-03-17T19:34:12+08:00 ] 111.0.98.192 /snail/Public/bootstrap-3.3.6-dist/css/less/mixins/image.less
INFO: [ app_init ] --START--
INFO: Run Behavior\BuildLiteBehavior [ RunTime:0.000020s ]
INFO: [ app_init ] --END-- [ RunTime:0.000438s ]
ERR: 无法加载模块:Public

[ 2016-03-17T19:34:12+08:00 ] 111.0.98.192 /snail/Public/bootstrap-3.3.6-dist/css/less/type.less
INFO: [ app_init ] --START--
INFO: Run Behavior\BuildLiteBehavior [ RunTime:0.000018s ]
INFO: [ app_init ] --END-- [ RunTime:0.000432s ]
ERR: 无法加载模块:Public

[ 2016-03-17T19:34:12+08:00 ] 111.0.98.192 /snail/Public/bootstrap-3.3.6-dist/css/less/mixins/text-emphasis.less
INFO: [ app_init ] --START--
INFO: Run Behavior\BuildLiteBehavior [ RunTime:0.000017s ]
INFO: [ app_init ] --END-- [ RunTime:0.000422s ]
ERR: 无法加载模块:Public

[ 2016-03-17T19:34:12+08:00 ] 111.0.98.192 /snail/Public/bootstrap-3.3.6-dist/css/less/mixins/background-variant.less
INFO: [ app_init ] --START--
INFO: Run Behavior\BuildLiteBehavior [ RunTime:0.000017s ]
INFO: [ app_init ] --END-- [ RunTime:0.000416s ]
ERR: 无法加载模块:Public

[ 2016-03-17T19:34:12+08:00 ] 111.0.98.192 /snail/Public/bootstrap-3.3.6-dist/css/less/mixins/text-overflow.less
INFO: [ app_init ] --START--
INFO: Run Behavior\BuildLiteBehavior [ RunTime:0.000019s ]
INFO: [ app_init ] --END-- [ RunTime:0.000428s ]
ERR: 无法加载模块:Public

[ 2016-03-17T19:34:12+08:00 ] 111.0.98.192 /snail/Public/bootstrap-3.3.6-dist/css/less/code.less
INFO: [ app_init ] --START--
INFO: Run Behavior\BuildLiteBehavior [ RunTime:0.000017s ]
INFO: [ app_init ] --END-- [ RunTime:0.000409s ]
ERR: 无法加载模块:Public

[ 2016-03-17T19:34:12+08:00 ] 111.0.98.192 /snail/Public/bootstrap-3.3.6-dist/css/less/grid.less
INFO: [ app_init ] --START--
INFO: Run Behavior\BuildLiteBehavior [ RunTime:0.000020s ]
INFO: [ app_init ] --END-- [ RunTime:0.000420s ]
ERR: 无法加载模块:Public

[ 2016-03-17T19:34:12+08:00 ] 111.0.98.192 /snail/Public/bootstrap-3.3.6-dist/css/less/mixins/grid.less
INFO: [ app_init ] --START--
INFO: Run Behavior\BuildLiteBehavior [ RunTime:0.000019s ]
INFO: [ app_init ] --END-- [ RunTime:0.000439s ]
ERR: 无法加载模块:Public

[ 2016-03-17T19:34:13+08:00 ] 111.0.98.192 /snail/Public/bootstrap-3.3.6-dist/css/less/mixins/grid-framework.less
INFO: [ app_init ] --START--
INFO: Run Behavior\BuildLiteBehavior [ RunTime:0.000019s ]
INFO: [ app_init ] --END-- [ RunTime:0.000416s ]
ERR: 无法加载模块:Public

[ 2016-03-17T19:34:13+08:00 ] 111.0.98.192 /snail/Public/bootstrap-3.3.6-dist/css/less/tables.less
INFO: [ app_init ] --START--
INFO: Run Behavior\BuildLiteBehavior [ RunTime:0.000020s ]
INFO: [ app_init ] --END-- [ RunTime:0.000431s ]
ERR: 无法加载模块:Public

[ 2016-03-17T19:34:13+08:00 ] 111.0.98.192 /snail/Public/bootstrap-3.3.6-dist/css/less/mixins/table-row.less
INFO: [ app_init ] --START--
INFO: Run Behavior\BuildLiteBehavior [ RunTime:0.000020s ]
INFO: [ app_init ] --END-- [ RunTime:0.000440s ]
ERR: 无法加载模块:Public

[ 2016-03-17T19:34:13+08:00 ] 111.0.98.192 /snail/Public/bootstrap-3.3.6-dist/css/less/forms.less
INFO: [ app_init ] --START--
INFO: Run Behavior\BuildLiteBehavior [ RunTime:0.000020s ]
INFO: [ app_init ] --END-- [ RunTime:0.000427s ]
ERR: 无法加载模块:Public

[ 2016-03-17T19:34:13+08:00 ] 111.0.98.192 /snail/Public/bootstrap-3.3.6-dist/css/less/mixins/forms.less
INFO: [ app_init ] --START--
INFO: Run Behavior\BuildLiteBehavior [ RunTime:0.000031s ]
INFO: [ app_init ] --END-- [ RunTime:0.000624s ]
ERR: 无法加载模块:Public

[ 2016-03-17T19:34:13+08:00 ] 111.0.98.192 /snail/Public/bootstrap-3.3.6-dist/css/less/buttons.less
INFO: [ app_init ] --START--
INFO: Run Behavior\BuildLiteBehavior [ RunTime:0.000019s ]
INFO: [ app_init ] --END-- [ RunTime:0.000425s ]
ERR: 无法加载模块:Public

[ 2016-03-17T19:34:13+08:00 ] 111.0.98.192 /snail/Public/bootstrap-3.3.6-dist/css/less/mixins/buttons.less
INFO: [ app_init ] --START--
INFO: Run Behavior\BuildLiteBehavior [ RunTime:0.000017s ]
INFO: [ app_init ] --END-- [ RunTime:0.000415s ]
ERR: 无法加载模块:Public

[ 2016-03-17T19:34:13+08:00 ] 111.0.98.192 /snail/Public/bootstrap-3.3.6-dist/css/less/mixins/opacity.less
INFO: [ app_init ] --START--
INFO: Run Behavior\BuildLiteBehavior [ RunTime:0.000020s ]
INFO: [ app_init ] --END-- [ RunTime:0.000440s ]
ERR: 无法加载模块:Public

[ 2016-03-17T19:34:13+08:00 ] 111.0.98.192 /snail/Public/bootstrap-3.3.6-dist/css/less/component-animations.less
INFO: [ app_init ] --START--
INFO: Run Behavior\BuildLiteBehavior [ RunTime:0.000020s ]
INFO: [ app_init ] --END-- [ RunTime:0.000452s ]
ERR: 无法加载模块:Public

[ 2016-03-17T19:34:13+08:00 ] 111.0.98.192 /snail/Public/bootstrap-3.3.6-dist/css/less/dropdowns.less
INFO: [ app_init ] --START--
INFO: Run Behavior\BuildLiteBehavior [ RunTime:0.000030s ]
INFO: [ app_init ] --END-- [ RunTime:0.000432s ]
ERR: 无法加载模块:Public

[ 2016-03-17T19:34:14+08:00 ] 111.0.98.192 /snail/Public/bootstrap-3.3.6-dist/css/less/mixins/nav-divider.less
INFO: [ app_init ] --START--
INFO: Run Behavior\BuildLiteBehavior [ RunTime:0.000016s ]
INFO: [ app_init ] --END-- [ RunTime:0.000404s ]
ERR: 无法加载模块:Public

[ 2016-03-17T19:34:14+08:00 ] 111.0.98.192 /snail/Public/bootstrap-3.3.6-dist/css/less/mixins/reset-filter.less
INFO: [ app_init ] --START--
INFO: Run Behavior\BuildLiteBehavior [ RunTime:0.000020s ]
INFO: [ app_init ] --END-- [ RunTime:0.000477s ]
ERR: 无法加载模块:Public

[ 2016-03-17T19:34:14+08:00 ] 111.0.98.192 /snail/Public/bootstrap-3.3.6-dist/css/less/button-groups.less
INFO: [ app_init ] --START--
INFO: Run Behavior\BuildLiteBehavior [ RunTime:0.000030s ]
INFO: [ app_init ] --END-- [ RunTime:0.000639s ]
ERR: 无法加载模块:Public

[ 2016-03-17T19:34:14+08:00 ] 111.0.98.192 /snail/Public/bootstrap-3.3.6-dist/css/less/mixins/border-radius.less
INFO: [ app_init ] --START--
INFO: Run Behavior\BuildLiteBehavior [ RunTime:0.000030s ]
INFO: [ app_init ] --END-- [ RunTime:0.000515s ]
ERR: 无法加载模块:Public

[ 2016-03-17T19:34:14+08:00 ] 111.0.98.192 /snail/Public/bootstrap-3.3.6-dist/css/less/input-groups.less
INFO: [ app_init ] --START--
INFO: Run Behavior\BuildLiteBehavior [ RunTime:0.000021s ]
INFO: [ app_init ] --END-- [ RunTime:0.000437s ]
ERR: 无法加载模块:Public

[ 2016-03-17T19:34:14+08:00 ] 111.0.98.192 /snail/Public/bootstrap-3.3.6-dist/css/less/navs.less
INFO: [ app_init ] --START--
INFO: Run Behavior\BuildLiteBehavior [ RunTime:0.000018s ]
INFO: [ app_init ] --END-- [ RunTime:0.000429s ]
ERR: 无法加载模块:Public

[ 2016-03-17T19:34:14+08:00 ] 111.0.98.192 /snail/Public/bootstrap-3.3.6-dist/css/less/navbar.less
INFO: [ app_init ] --START--
INFO: Run Behavior\BuildLiteBehavior [ RunTime:0.000021s ]
INFO: [ app_init ] --END-- [ RunTime:0.000454s ]
ERR: 无法加载模块:Public

[ 2016-03-17T19:34:14+08:00 ] 111.0.98.192 /snail/Public/bootstrap-3.3.6-dist/css/less/mixins/nav-vertical-align.less
INFO: [ app_init ] --START--
INFO: Run Behavior\BuildLiteBehavior [ RunTime:0.000019s ]
INFO: [ app_init ] --END-- [ RunTime:0.000446s ]
ERR: 无法加载模块:Public

[ 2016-03-17T19:34:14+08:00 ] 111.0.98.192 /snail/Public/bootstrap-3.3.6-dist/css/less/utilities.less
INFO: [ app_init ] --START--
INFO: Run Behavior\BuildLiteBehavior [ RunTime:0.000022s ]
INFO: [ app_init ] --END-- [ RunTime:0.000482s ]
ERR: 无法加载模块:Public

[ 2016-03-17T19:34:14+08:00 ] 111.0.98.192 /snail/Public/bootstrap-3.3.6-dist/css/less/breadcrumbs.less
INFO: [ app_init ] --START--
INFO: Run Behavior\BuildLiteBehavior [ RunTime:0.000016s ]
INFO: [ app_init ] --END-- [ RunTime:0.000414s ]
ERR: 无法加载模块:Public

[ 2016-03-17T19:34:14+08:00 ] 111.0.98.192 /snail/Public/bootstrap-3.3.6-dist/css/less/pagination.less
INFO: [ app_init ] --START--
INFO: Run Behavior\BuildLiteBehavior [ RunTime:0.000018s ]
INFO: [ app_init ] --END-- [ RunTime:0.000435s ]
ERR: 无法加载模块:Public

[ 2016-03-17T19:34:15+08:00 ] 111.0.98.192 /snail/Public/bootstrap-3.3.6-dist/css/less/mixins/pagination.less
INFO: [ app_init ] --START--
INFO: Run Behavior\BuildLiteBehavior [ RunTime:0.000018s ]
INFO: [ app_init ] --END-- [ RunTime:0.000483s ]
ERR: 无法加载模块:Public

[ 2016-03-17T19:34:15+08:00 ] 111.0.98.192 /snail/Public/bootstrap-3.3.6-dist/css/less/pager.less
INFO: [ app_init ] --START--
INFO: Run Behavior\BuildLiteBehavior [ RunTime:0.000018s ]
INFO: [ app_init ] --END-- [ RunTime:0.000451s ]
ERR: 无法加载模块:Public

[ 2016-03-17T19:34:15+08:00 ] 111.0.98.192 /snail/Public/bootstrap-3.3.6-dist/css/less/labels.less
INFO: [ app_init ] --START--
INFO: Run Behavior\BuildLiteBehavior [ RunTime:0.000016s ]
INFO: [ app_init ] --END-- [ RunTime:0.000399s ]
ERR: 无法加载模块:Public

[ 2016-03-17T19:34:15+08:00 ] 111.0.98.192 /snail/Public/bootstrap-3.3.6-dist/css/less/mixins/labels.less
INFO: [ app_init ] --START--
INFO: Run Behavior\BuildLiteBehavior [ RunTime:0.000020s ]
INFO: [ app_init ] --END-- [ RunTime:0.000442s ]
ERR: 无法加载模块:Public

[ 2016-03-17T19:34:15+08:00 ] 111.0.98.192 /snail/Public/bootstrap-3.3.6-dist/css/less/badges.less
INFO: [ app_init ] --START--
INFO: Run Behavior\BuildLiteBehavior [ RunTime:0.000023s ]
INFO: [ app_init ] --END-- [ RunTime:0.000436s ]
ERR: 无法加载模块:Public

[ 2016-03-17T19:34:15+08:00 ] 111.0.98.192 /snail/Public/bootstrap-3.3.6-dist/css/less/jumbotron.less
INFO: [ app_init ] --START--
INFO: Run Behavior\BuildLiteBehavior [ RunTime:0.000019s ]
INFO: [ app_init ] --END-- [ RunTime:0.000423s ]
ERR: 无法加载模块:Public

[ 2016-03-17T19:34:15+08:00 ] 111.0.98.192 /snail/Public/bootstrap-3.3.6-dist/css/less/thumbnails.less
INFO: [ app_init ] --START--
INFO: Run Behavior\BuildLiteBehavior [ RunTime:0.000018s ]
INFO: [ app_init ] --END-- [ RunTime:0.000412s ]
ERR: 无法加载模块:Public

[ 2016-03-17T19:34:15+08:00 ] 111.0.98.192 /snail/Public/bootstrap-3.3.6-dist/css/less/alerts.less
INFO: [ app_init ] --START--
INFO: Run Behavior\BuildLiteBehavior [ RunTime:0.000016s ]
INFO: [ app_init ] --END-- [ RunTime:0.000409s ]
ERR: 无法加载模块:Public

[ 2016-03-17T19:34:15+08:00 ] 111.0.98.192 /snail/Public/bootstrap-3.3.6-dist/css/less/mixins/alerts.less
INFO: [ app_init ] --START--
INFO: Run Behavior\BuildLiteBehavior [ RunTime:0.000016s ]
INFO: [ app_init ] --END-- [ RunTime:0.000412s ]
ERR: 无法加载模块:Public

[ 2016-03-17T19:34:15+08:00 ] 111.0.98.192 /snail/Public/bootstrap-3.3.6-dist/css/less/progress-bars.less
INFO: [ app_init ] --START--
INFO: Run Behavior\BuildLiteBehavior [ RunTime:0.000020s ]
INFO: [ app_init ] --END-- [ RunTime:0.000438s ]
ERR: 无法加载模块:Public

[ 2016-03-17T19:34:15+08:00 ] 111.0.98.192 /snail/Public/bootstrap-3.3.6-dist/css/less/mixins/gradients.less
INFO: [ app_init ] --START--
INFO: Run Behavior\BuildLiteBehavior [ RunTime:0.000018s ]
INFO: [ app_init ] --END-- [ RunTime:0.000452s ]
ERR: 无法加载模块:Public

[ 2016-03-17T19:34:15+08:00 ] 111.0.98.192 /snail/Public/bootstrap-3.3.6-dist/css/less/mixins/progress-bar.less
INFO: [ app_init ] --START--
INFO: Run Behavior\BuildLiteBehavior [ RunTime:0.000017s ]
INFO: [ app_init ] --END-- [ RunTime:0.000413s ]
ERR: 无法加载模块:Public

[ 2016-03-17T19:34:16+08:00 ] 111.0.98.192 /snail/Public/bootstrap-3.3.6-dist/css/less/media.less
INFO: [ app_init ] --START--
INFO: Run Behavior\BuildLiteBehavior [ RunTime:0.000025s ]
INFO: [ app_init ] --END-- [ RunTime:0.000493s ]
ERR: 无法加载模块:Public

[ 2016-03-17T19:34:16+08:00 ] 111.0.98.192 /snail/Public/bootstrap-3.3.6-dist/css/less/list-group.less
INFO: [ app_init ] --START--
INFO: Run Behavior\BuildLiteBehavior [ RunTime:0.000016s ]
INFO: [ app_init ] --END-- [ RunTime:0.000429s ]
ERR: 无法加载模块:Public

[ 2016-03-17T19:34:16+08:00 ] 111.0.98.192 /snail/Public/bootstrap-3.3.6-dist/css/less/mixins/list-group.less
INFO: [ app_init ] --START--
INFO: Run Behavior\BuildLiteBehavior [ RunTime:0.000017s ]
INFO: [ app_init ] --END-- [ RunTime:0.000429s ]
ERR: 无法加载模块:Public

[ 2016-03-17T19:34:16+08:00 ] 111.0.98.192 /snail/Public/bootstrap-3.3.6-dist/css/less/panels.less
INFO: [ app_init ] --START--
INFO: Run Behavior\BuildLiteBehavior [ RunTime:0.000021s ]
INFO: [ app_init ] --END-- [ RunTime:0.000456s ]
ERR: 无法加载模块:Public

[ 2016-03-17T19:34:16+08:00 ] 111.0.98.192 /snail/Public/bootstrap-3.3.6-dist/css/less/mixins/panels.less
INFO: [ app_init ] --START--
INFO: Run Behavior\BuildLiteBehavior [ RunTime:0.000019s ]
INFO: [ app_init ] --END-- [ RunTime:0.000426s ]
ERR: 无法加载模块:Public

[ 2016-03-17T19:34:16+08:00 ] 111.0.98.192 /snail/Public/bootstrap-3.3.6-dist/css/less/responsive-embed.less
INFO: [ app_init ] --START--
INFO: Run Behavior\BuildLiteBehavior [ RunTime:0.000027s ]
INFO: [ app_init ] --END-- [ RunTime:0.000444s ]
ERR: 无法加载模块:Public

[ 2016-03-17T19:34:16+08:00 ] 111.0.98.192 /snail/Public/bootstrap-3.3.6-dist/css/less/wells.less
INFO: [ app_init ] --START--
INFO: Run Behavior\BuildLiteBehavior [ RunTime:0.000018s ]
INFO: [ app_init ] --END-- [ RunTime:0.000405s ]
ERR: 无法加载模块:Public

[ 2016-03-17T19:34:16+08:00 ] 111.0.98.192 /snail/Public/bootstrap-3.3.6-dist/css/less/close.less
INFO: [ app_init ] --START--
INFO: Run Behavior\BuildLiteBehavior [ RunTime:0.000028s ]
INFO: [ app_init ] --END-- [ RunTime:0.000666s ]
ERR: 无法加载模块:Public

[ 2016-03-17T19:34:16+08:00 ] 111.0.98.192 /snail/Public/bootstrap-3.3.6-dist/css/less/modals.less
INFO: [ app_init ] --START--
INFO: Run Behavior\BuildLiteBehavior [ RunTime:0.000016s ]
INFO: [ app_init ] --END-- [ RunTime:0.000411s ]
ERR: 无法加载模块:Public

[ 2016-03-17T19:34:16+08:00 ] 111.0.98.192 /snail/Public/bootstrap-3.3.6-dist/css/less/tooltip.less
INFO: [ app_init ] --START--
INFO: Run Behavior\BuildLiteBehavior [ RunTime:0.000016s ]
INFO: [ app_init ] --END-- [ RunTime:0.000404s ]
ERR: 无法加载模块:Public

[ 2016-03-17T19:34:17+08:00 ] 111.0.98.192 /snail/Public/bootstrap-3.3.6-dist/css/less/mixins/reset-text.less
INFO: [ app_init ] --START--
INFO: Run Behavior\BuildLiteBehavior [ RunTime:0.000018s ]
INFO: [ app_init ] --END-- [ RunTime:0.000419s ]
ERR: 无法加载模块:Public

[ 2016-03-17T19:34:17+08:00 ] 111.0.98.192 /snail/Public/bootstrap-3.3.6-dist/css/less/popovers.less
INFO: [ app_init ] --START--
INFO: Run Behavior\BuildLiteBehavior [ RunTime:0.000018s ]
INFO: [ app_init ] --END-- [ RunTime:0.000427s ]
ERR: 无法加载模块:Public

[ 2016-03-17T19:34:17+08:00 ] 111.0.98.192 /snail/Public/bootstrap-3.3.6-dist/css/less/carousel.less
INFO: [ app_init ] --START--
INFO: Run Behavior\BuildLiteBehavior [ RunTime:0.000019s ]
INFO: [ app_init ] --END-- [ RunTime:0.000453s ]
ERR: 无法加载模块:Public

[ 2016-03-17T19:34:17+08:00 ] 111.0.98.192 /snail/Public/bootstrap-3.3.6-dist/css/less/mixins/clearfix.less
INFO: [ app_init ] --START--
INFO: Run Behavior\BuildLiteBehavior [ RunTime:0.000016s ]
INFO: [ app_init ] --END-- [ RunTime:0.000395s ]
ERR: 无法加载模块:Public

[ 2016-03-17T19:34:17+08:00 ] 111.0.98.192 /snail/Public/bootstrap-3.3.6-dist/css/less/mixins/center-block.less
INFO: [ app_init ] --START--
INFO: Run Behavior\BuildLiteBehavior [ RunTime:0.000019s ]
INFO: [ app_init ] --END-- [ RunTime:0.000423s ]
ERR: 无法加载模块:Public

[ 2016-03-17T19:34:17+08:00 ] 111.0.98.192 /snail/Public/bootstrap-3.3.6-dist/css/less/mixins/hide-text.less
INFO: [ app_init ] --START--
INFO: Run Behavior\BuildLiteBehavior [ RunTime:0.000017s ]
INFO: [ app_init ] --END-- [ RunTime:0.000489s ]
ERR: 无法加载模块:Public

[ 2016-03-17T19:34:17+08:00 ] 111.0.98.192 /snail/Public/bootstrap-3.3.6-dist/css/less/responsive-utilities.less
INFO: [ app_init ] --START--
INFO: Run Behavior\BuildLiteBehavior [ RunTime:0.000017s ]
INFO: [ app_init ] --END-- [ RunTime:0.000425s ]
ERR: 无法加载模块:Public

[ 2016-03-17T19:34:17+08:00 ] 111.0.98.192 /snail/Public/bootstrap-3.3.6-dist/css/less/mixins/responsive-visibility.less
INFO: [ app_init ] --START--
INFO: Run Behavior\BuildLiteBehavior [ RunTime:0.000026s ]
INFO: [ app_init ] --END-- [ RunTime:0.000525s ]
ERR: 无法加载模块:Public

[ 2016-03-17T19:52:10+08:00 ] 111.0.98.192 /snail/index.php/Blog
INFO: [ app_init ] --START--
INFO: Run Behavior\BuildLiteBehavior [ RunTime:0.000017s ]
INFO: [ app_init ] --END-- [ RunTime:0.000400s ]
ERR: 无法加载模块:Blog

[ 2016-03-17T19:52:10+08:00 ] 101.226.65.104 /snail/index.php/Blog
INFO: [ app_init ] --START--
INFO: Run Behavior\BuildLiteBehavior [ RunTime:0.000016s ]
INFO: [ app_init ] --END-- [ RunTime:0.000426s ]
ERR: 无法加载模块:Blog

